<?xml version="1.0" encoding="UTF-8"?>
<robot generator="Robot 7.4.2 (Python 3.10.12 on linux)" generated="2026-03-12T10:09:43.285155" rpa="false" schemaversion="5">
<suite id="s1" name="Test" source="/home/citco/Desktop/QA /robotframework_gantang/Tests/test.robot">
<kw name="Suite Init" type="SETUP">
<kw name="Launch Browser" owner="app">
<kw name="Open Browser" owner="SeleniumLibrary">
<msg time="2026-03-12T10:09:43.546167" level="INFO">Opening browser 'chrome' to base url 'https://marmelab.com/react-admin-demo'.</msg>
<arg>${url}</arg>
<arg>chrome</arg>
<arg>options=add_argument("--start-maximized");</arg>
<doc>Opens a new browser instance to the optional ``url``.</doc>
<status status="PASS" start="2026-03-12T10:09:43.545673" elapsed="1.865260"/>
</kw>
<kw name="Wait Until Page Contains Element" owner="SeleniumLibrary">
<arg>${username_input}</arg>
<doc>Waits until the element ``locator`` appears on the current page.</doc>
<status status="PASS" start="2026-03-12T10:09:45.411408" elapsed="0.462809"/>
</kw>
<status status="PASS" start="2026-03-12T10:09:43.544582" elapsed="2.329943"/>
</kw>
<kw name="Login User" owner="app">
<kw name="Input Text" owner="SeleniumLibrary">
<msg time="2026-03-12T10:09:45.875863" level="INFO">Typing text 'demo' into text field '//input[@name='username']'.</msg>
<arg>locator=${login_txt_username}</arg>
<arg>text=${username}</arg>
<doc>Types the given ``text`` into the text field identified by ``locator``.</doc>
<status status="PASS" start="2026-03-12T10:09:45.875379" elapsed="0.104178"/>
</kw>
<kw name="Input Text" owner="SeleniumLibrary">
<msg time="2026-03-12T10:09:45.980683" level="INFO">Typing text 'demo' into text field '//input[@name='password']'.</msg>
<arg>locator=${login_txt_password}</arg>
<arg>text=${password}</arg>
<doc>Types the given ``text`` into the text field identified by ``locator``.</doc>
<status status="PASS" start="2026-03-12T10:09:45.979980" elapsed="0.097044"/>
</kw>
<kw name="Capture Page Screenshot" owner="SeleniumLibrary">
<msg time="2026-03-12T10:09:46.205760" level="INFO" html="true">&lt;/td&gt;&lt;/tr&gt;&lt;tr&gt;&lt;td colspan="3"&gt;&lt;a href="selenium-screenshot-83.png"&gt;&lt;img src="selenium-screenshot-83.png" width="800px"&gt;&lt;/a&gt;</msg>
<doc>Takes a screenshot of the current page and embeds it into a log file.</doc>
<status status="PASS" start="2026-03-12T10:09:46.077476" elapsed="0.128959"/>
</kw>
<kw name="Click Button" owner="SeleniumLibrary">
<msg time="2026-03-12T10:09:46.207866" level="INFO">Clicking button '//button[@type='submit']'.</msg>
<arg>${login_btn_submit}</arg>
<doc>Clicks the button identified by ``locator``.</doc>
<status status="PASS" start="2026-03-12T10:09:46.206914" elapsed="0.155335"/>
</kw>
<kw name="Wait Until Element Is Visible" owner="SeleniumLibrary">
<arg>${main_content}</arg>
<doc>Waits until the element ``locator`` is visible.</doc>
<status status="PASS" start="2026-03-12T10:09:46.362814" elapsed="0.173881"/>
</kw>
<status status="PASS" start="2026-03-12T10:09:45.874912" elapsed="0.662004"/>
</kw>
<kw name="Get Users" owner="CommonLibrary">
<msg time="2026-03-12T10:09:47.397844" level="INFO">/home/citco/Desktop/QA /robotenv/lib/python3.10/site-packages/urllib3/connectionpool.py:1097: InsecureRequestWarning: Unverified HTTPS request is being made to host 'jsonplaceholder.typicode.com'. Adding certificate verification is strongly advised. See: https://urllib3.readthedocs.io/en/latest/advanced-usage.html#tls-warnings
  warnings.warn(</msg>
<msg time="2026-03-12T10:09:47.398285" level="INFO">${users} = [{'id': 1, 'username': 'Bret', 'email': 'Sincere@april.biz', 'address': {'street': 'Kulas Light', 'suite': 'Apt. 556', 'city': 'Gwenborough', 'zipcode': '92998-3874', 'geo': {'lat': '-37.3159', 'lng':...</msg>
<var>${users}</var>
<status status="PASS" start="2026-03-12T10:09:46.537171" elapsed="0.861182"/>
</kw>
<kw name="Set Suite Variable" owner="BuiltIn">
<msg time="2026-03-12T10:09:47.399573" level="INFO">${USERS} = [{'id': 1, 'username': 'Bret', 'email': 'Sincere@april.biz', 'address': {'street': 'Kulas Light', 'suite': 'Apt. 556', 'city': 'Gwenborough', 'zipcode': '92998-3874', 'geo': {'lat': '-37.3159', 'lng':...</msg>
<arg>${USERS}</arg>
<arg>${users}</arg>
<doc>Makes a variable available everywhere within the scope of the current suite.</doc>
<status status="PASS" start="2026-03-12T10:09:47.398679" elapsed="0.000982"/>
</kw>
<status status="PASS" start="2026-03-12T10:09:43.544015" elapsed="3.855781"/>
</kw>
<test id="s1-t1" name="TEST-00001" line="22">
<kw name="Add Multiple Customers" owner="Customers">
<for flavor="IN RANGE">
<iter>
<kw name="Navigate" owner="app">
<kw name="Run Keyword And Return Status" owner="BuiltIn">
<kw name="Element Should Be Visible" owner="SeleniumLibrary">
<msg time="2026-03-12T10:09:47.441887" level="INFO">Element '//a[descendant::p[text()="Customers"]]' is displayed.</msg>
<arg>//a[descendant::p[text()="${sub_menu}"]]</arg>
<doc>Verifies that the element identified by ``locator`` is visible.</doc>
<status status="PASS" start="2026-03-12T10:09:47.403698" elapsed="0.038423"/>
</kw>
<msg time="2026-03-12T10:09:47.442466" level="INFO">${status} = True</msg>
<var>${status}</var>
<arg>Element Should Be Visible</arg>
<arg>//a[descendant::p[text()="${sub_menu}"]]</arg>
<doc>Runs the specified keyword and returns the status as a Boolean value.</doc>
<status status="PASS" start="2026-03-12T10:09:47.402618" elapsed="0.039905"/>
</kw>
<if>
<branch type="IF" condition="not ${status}">
<kw name="Get Parameter Menu" owner="app">
<var>${parent_menu}</var>
<arg>${sub_menu}</arg>
<status status="NOT RUN" start="2026-03-12T10:09:47.443282" elapsed="0.000050"/>
</kw>
<kw name="Click Element" owner="SeleniumLibrary">
<arg>${parent_menu}</arg>
<doc>Click the element identified by ``locator``.</doc>
<status status="NOT RUN" start="2026-03-12T10:09:47.443510" elapsed="0.000038"/>
</kw>
<kw name="Wait Until Element Is Visible" owner="SeleniumLibrary">
<arg>//a[descendant::p[text()="${sub_menu}"]]</arg>
<arg>timeout=5s</arg>
<doc>Waits until the element ``locator`` is visible.</doc>
<status status="NOT RUN" start="2026-03-12T10:09:47.443826" elapsed="0.000036"/>
</kw>
<status status="NOT RUN" start="2026-03-12T10:09:47.442780" elapsed="0.001136"/>
</branch>
<status status="PASS" start="2026-03-12T10:09:47.442691" elapsed="0.001277"/>
</if>
<kw name="Click Element" owner="SeleniumLibrary">
<msg time="2026-03-12T10:09:47.444496" level="INFO">Clicking element '//a[descendant::p[text()="Customers"]]'.</msg>
<arg>//a[descendant::p[text()="${sub_menu}"]]</arg>
<doc>Click the element identified by ``locator``.</doc>
<status status="PASS" start="2026-03-12T10:09:47.444085" elapsed="0.107272"/>
</kw>
<kw name="Wait Until Element Is Visible" owner="SeleniumLibrary">
<arg>//h6[.//span[text()="${sub_menu}"]]</arg>
<arg>timeout=10s</arg>
<doc>Waits until the element ``locator`` is visible.</doc>
<status status="PASS" start="2026-03-12T10:09:47.551826" elapsed="0.461992"/>
</kw>
<kw name="Run Keyword If" owner="BuiltIn">
<kw name="Sleep" owner="BuiltIn">
<msg time="2026-03-12T10:09:50.015584" level="INFO">Slept 2 seconds.</msg>
<arg>2s</arg>
<doc>Pauses the test executed for the given time.</doc>
<status status="PASS" start="2026-03-12T10:09:48.014986" elapsed="2.000815"/>
</kw>
<arg>"${sub_menu}"=="Customers"</arg>
<arg>Sleep</arg>
<arg>2s</arg>
<doc>Runs the given keyword with the given arguments, if ``condition`` is true.</doc>
<status status="PASS" start="2026-03-12T10:09:48.014203" elapsed="2.001743"/>
</kw>
<arg>Customers</arg>
<status status="PASS" start="2026-03-12T10:09:47.402001" elapsed="2.614078"/>
</kw>
<kw name="Add A Customer" owner="Customers">
<kw name="Click Element" owner="SeleniumLibrary">
<msg time="2026-03-12T10:09:50.018372" level="INFO">Clicking element '//a[text()="Create"]'.</msg>
<arg>//a[text()="Create"]</arg>
<doc>Click the element identified by ``locator``.</doc>
<status status="PASS" start="2026-03-12T10:09:50.018056" elapsed="0.127973"/>
</kw>
<kw name="Wait Until Element Is Visible" owner="SeleniumLibrary">
<arg>//h6[.//span[text()="Create Customer"]]</arg>
<doc>Waits until the element ``locator`` is visible.</doc>
<status status="PASS" start="2026-03-12T10:09:50.146444" elapsed="0.251536"/>
</kw>
<kw name="Create List" owner="BuiltIn">
<msg time="2026-03-12T10:09:50.407146" level="INFO">${values} = ['Leanne', 'Graham', 'Sincere@april.biz', '11/03/2005', 'Kulas Light Apt. 556', 'Gwenborough', 'KAG', '92998-3874', 't65dSJ%g', 't65dSJ%g']</msg>
<var>${values}</var>
<arg>${user['first_name']}</arg>
<arg>${user['last_name']}</arg>
<arg>${user['email']}</arg>
<arg>${user['birthday']}</arg>
<arg>${user['address']['street']} ${user['address']['suite']}</arg>
<arg>${user['address']['city']}</arg>
<arg>${user['address']['stateAbbr']}</arg>
<arg>${user['zipcode']}</arg>
<arg>${user['password']}</arg>
<arg>${user['password']}</arg>
<doc>Returns a list containing given items.</doc>
<status status="PASS" start="2026-03-12T10:09:50.398431" elapsed="0.008828"/>
</kw>
<for flavor="IN ENUMERATE">
<iter>
<kw name="Set Variable" owner="BuiltIn">
<msg time="2026-03-12T10:09:50.410012" level="INFO">${val} = Leanne</msg>
<var>${val}</var>
<arg>${values[${i}]}</arg>
<doc>Returns the given values which can then be assigned to a variables.</doc>
<status status="PASS" start="2026-03-12T10:09:50.408582" elapsed="0.001505"/>
</kw>
<if>
<branch type="IF" condition="$locator == $cust_txt_birthday">
<kw name="Format Birthday" owner="Customers">
<var>${val}</var>
<arg>${val}</arg>
<status status="NOT RUN" start="2026-03-12T10:09:50.410803" elapsed="0.000080"/>
</kw>
<status status="NOT RUN" start="2026-03-12T10:09:50.410289" elapsed="0.000679"/>
</branch>
<status status="PASS" start="2026-03-12T10:09:50.410241" elapsed="0.000784"/>
</if>
<kw name="Input Text" owner="SeleniumLibrary">
<msg time="2026-03-12T10:09:50.411617" level="INFO">Typing text 'Leanne' into text field '//input[@name='first_name']'.</msg>
<arg>${locator}</arg>
<arg>${val}</arg>
<doc>Types the given ``text`` into the text field identified by ``locator``.</doc>
<status status="PASS" start="2026-03-12T10:09:50.411202" elapsed="0.126545"/>
</kw>
<var name="${i}">0</var>
<var name="${locator}">//input[@name='first_name']</var>
<status status="PASS" start="2026-03-12T10:09:50.408276" elapsed="0.129641"/>
</iter>
<iter>
<kw name="Set Variable" owner="BuiltIn">
<msg time="2026-03-12T10:09:50.540976" level="INFO">${val} = Graham</msg>
<var>${val}</var>
<arg>${values[${i}]}</arg>
<doc>Returns the given values which can then be assigned to a variables.</doc>
<status status="PASS" start="2026-03-12T10:09:50.539288" elapsed="0.001785"/>
</kw>
<if>
<branch type="IF" condition="$locator == $cust_txt_birthday">
<kw name="Format Birthday" owner="Customers">
<var>${val}</var>
<arg>${val}</arg>
<status status="NOT RUN" start="2026-03-12T10:09:50.541949" elapsed="0.000059"/>
</kw>
<status status="NOT RUN" start="2026-03-12T10:09:50.541333" elapsed="0.000739"/>
</branch>
<status status="PASS" start="2026-03-12T10:09:50.541272" elapsed="0.000855"/>
</if>
<kw name="Input Text" owner="SeleniumLibrary">
<msg time="2026-03-12T10:09:50.542763" level="INFO">Typing text 'Graham' into text field '//input[@name='last_name']'.</msg>
<arg>${locator}</arg>
<arg>${val}</arg>
<doc>Types the given ``text`` into the text field identified by ``locator``.</doc>
<status status="PASS" start="2026-03-12T10:09:50.542299" elapsed="0.119259"/>
</kw>
<var name="${i}">1</var>
<var name="${locator}">//input[@name='last_name']</var>
<status status="PASS" start="2026-03-12T10:09:50.538284" elapsed="0.123494"/>
</iter>
<iter>
<kw name="Set Variable" owner="BuiltIn">
<msg time="2026-03-12T10:09:50.664325" level="INFO">${val} = Sincere@april.biz</msg>
<var>${val}</var>
<arg>${values[${i}]}</arg>
<doc>Returns the given values which can then be assigned to a variables.</doc>
<status status="PASS" start="2026-03-12T10:09:50.662729" elapsed="0.001673"/>
</kw>
<if>
<branch type="IF" condition="$locator == $cust_txt_birthday">
<kw name="Format Birthday" owner="Customers">
<var>${val}</var>
<arg>${val}</arg>
<status status="NOT RUN" start="2026-03-12T10:09:50.665115" elapsed="0.000071"/>
</kw>
<status status="NOT RUN" start="2026-03-12T10:09:50.664597" elapsed="0.000667"/>
</branch>
<status status="PASS" start="2026-03-12T10:09:50.664551" elapsed="0.000768"/>
</if>
<kw name="Input Text" owner="SeleniumLibrary">
<msg time="2026-03-12T10:09:50.665948" level="INFO">Typing text 'Sincere@april.biz' into text field '//input[@name='email']'.</msg>
<arg>${locator}</arg>
<arg>${val}</arg>
<doc>Types the given ``text`` into the text field identified by ``locator``.</doc>
<status status="PASS" start="2026-03-12T10:09:50.665508" elapsed="0.142062"/>
</kw>
<var name="${i}">2</var>
<var name="${locator}">//input[@name='email']</var>
<status status="PASS" start="2026-03-12T10:09:50.662384" elapsed="0.145368"/>
</iter>
<iter>
<kw name="Set Variable" owner="BuiltIn">
<msg time="2026-03-12T10:09:50.810236" level="INFO">${val} = 11/03/2005</msg>
<var>${val}</var>
<arg>${values[${i}]}</arg>
<doc>Returns the given values which can then be assigned to a variables.</doc>
<status status="PASS" start="2026-03-12T10:09:50.808604" elapsed="0.001715"/>
</kw>
<if>
<branch type="IF" condition="$locator == $cust_txt_birthday">
<kw name="Format Birthday" owner="Customers">
<kw name="Evaluate" owner="BuiltIn">
<msg time="2026-03-12T10:09:50.812378" level="INFO">${val} = 11/03/2005</msg>
<var>${val}</var>
<arg>"".join($date.split("-")[1:] + [$date.split("-")[0]])</arg>
<doc>Evaluates the given expression in Python and returns the result.</doc>
<status status="PASS" start="2026-03-12T10:09:50.811410" elapsed="0.001024"/>
</kw>
<return>
<value>${val}</value>
<status status="PASS" start="2026-03-12T10:09:50.812531" elapsed="0.000081"/>
</return>
<msg time="2026-03-12T10:09:50.812795" level="INFO">${val} = 11/03/2005</msg>
<var>${val}</var>
<arg>${val}</arg>
<status status="PASS" start="2026-03-12T10:09:50.810977" elapsed="0.001855"/>
</kw>
<status status="PASS" start="2026-03-12T10:09:50.810524" elapsed="0.002364"/>
</branch>
<status status="PASS" start="2026-03-12T10:09:50.810478" elapsed="0.002461"/>
</if>
<kw name="Input Text" owner="SeleniumLibrary">
<msg time="2026-03-12T10:09:50.813444" level="INFO">Typing text '11/03/2005' into text field '//input[@name='birthday']'.</msg>
<arg>${locator}</arg>
<arg>${val}</arg>
<doc>Types the given ``text`` into the text field identified by ``locator``.</doc>
<status status="PASS" start="2026-03-12T10:09:50.813102" elapsed="0.115956"/>
</kw>
<var name="${i}">3</var>
<var name="${locator}">//input[@name='birthday']</var>
<status status="PASS" start="2026-03-12T10:09:50.808285" elapsed="0.120938"/>
</iter>
<iter>
<kw name="Set Variable" owner="BuiltIn">
<msg time="2026-03-12T10:09:50.930942" level="INFO">${val} = Kulas Light Apt. 556</msg>
<var>${val}</var>
<arg>${values[${i}]}</arg>
<doc>Returns the given values which can then be assigned to a variables.</doc>
<status status="PASS" start="2026-03-12T10:09:50.929777" elapsed="0.001212"/>
</kw>
<if>
<branch type="IF" condition="$locator == $cust_txt_birthday">
<kw name="Format Birthday" owner="Customers">
<var>${val}</var>
<arg>${val}</arg>
<status status="NOT RUN" start="2026-03-12T10:09:50.931479" elapsed="0.000046"/>
</kw>
<status status="NOT RUN" start="2026-03-12T10:09:50.931122" elapsed="0.000458"/>
</branch>
<status status="PASS" start="2026-03-12T10:09:50.931092" elapsed="0.000534"/>
</if>
<kw name="Input Text" owner="SeleniumLibrary">
<msg time="2026-03-12T10:09:50.932079" level="INFO">Typing text 'Kulas Light Apt. 556' into text field '//textarea[@name='address']'.</msg>
<arg>${locator}</arg>
<arg>${val}</arg>
<doc>Types the given ``text`` into the text field identified by ``locator``.</doc>
<status status="PASS" start="2026-03-12T10:09:50.931764" elapsed="0.140837"/>
</kw>
<var name="${i}">4</var>
<var name="${locator}">//textarea[@name='address']</var>
<status status="PASS" start="2026-03-12T10:09:50.929568" elapsed="0.143322"/>
</iter>
<iter>
<kw name="Set Variable" owner="BuiltIn">
<msg time="2026-03-12T10:09:51.075514" level="INFO">${val} = Gwenborough</msg>
<var>${val}</var>
<arg>${values[${i}]}</arg>
<doc>Returns the given values which can then be assigned to a variables.</doc>
<status status="PASS" start="2026-03-12T10:09:51.073869" elapsed="0.001713"/>
</kw>
<if>
<branch type="IF" condition="$locator == $cust_txt_birthday">
<kw name="Format Birthday" owner="Customers">
<var>${val}</var>
<arg>${val}</arg>
<status status="NOT RUN" start="2026-03-12T10:09:51.076616" elapsed="0.000077"/>
</kw>
<status status="NOT RUN" start="2026-03-12T10:09:51.075862" elapsed="0.000932"/>
</branch>
<status status="PASS" start="2026-03-12T10:09:51.075813" elapsed="0.001055"/>
</if>
<kw name="Input Text" owner="SeleniumLibrary">
<msg time="2026-03-12T10:09:51.077483" level="INFO">Typing text 'Gwenborough' into text field '//input[@name='city']'.</msg>
<arg>${locator}</arg>
<arg>${val}</arg>
<doc>Types the given ``text`` into the text field identified by ``locator``.</doc>
<status status="PASS" start="2026-03-12T10:09:51.077059" elapsed="0.127872"/>
</kw>
<var name="${i}">5</var>
<var name="${locator}">//input[@name='city']</var>
<status status="PASS" start="2026-03-12T10:09:51.073422" elapsed="0.131682"/>
</iter>
<iter>
<kw name="Set Variable" owner="BuiltIn">
<msg time="2026-03-12T10:09:51.207447" level="INFO">${val} = KAG</msg>
<var>${val}</var>
<arg>${values[${i}]}</arg>
<doc>Returns the given values which can then be assigned to a variables.</doc>
<status status="PASS" start="2026-03-12T10:09:51.205752" elapsed="0.001778"/>
</kw>
<if>
<branch type="IF" condition="$locator == $cust_txt_birthday">
<kw name="Format Birthday" owner="Customers">
<var>${val}</var>
<arg>${val}</arg>
<status status="NOT RUN" start="2026-03-12T10:09:51.208294" elapsed="0.000096"/>
</kw>
<status status="NOT RUN" start="2026-03-12T10:09:51.207733" elapsed="0.000748"/>
</branch>
<status status="PASS" start="2026-03-12T10:09:51.207681" elapsed="0.000866"/>
</if>
<kw name="Input Text" owner="SeleniumLibrary">
<msg time="2026-03-12T10:09:51.209634" level="INFO">Typing text 'KAG' into text field '//input[@name='stateAbbr']'.</msg>
<arg>${locator}</arg>
<arg>${val}</arg>
<doc>Types the given ``text`` into the text field identified by ``locator``.</doc>
<status status="PASS" start="2026-03-12T10:09:51.209014" elapsed="0.108805"/>
</kw>
<var name="${i}">6</var>
<var name="${locator}">//input[@name='stateAbbr']</var>
<status status="PASS" start="2026-03-12T10:09:51.205473" elapsed="0.112512"/>
</iter>
<iter>
<kw name="Set Variable" owner="BuiltIn">
<msg time="2026-03-12T10:09:51.320425" level="INFO">${val} = 92998-3874</msg>
<var>${val}</var>
<arg>${values[${i}]}</arg>
<doc>Returns the given values which can then be assigned to a variables.</doc>
<status status="PASS" start="2026-03-12T10:09:51.318597" elapsed="0.001917"/>
</kw>
<if>
<branch type="IF" condition="$locator == $cust_txt_birthday">
<kw name="Format Birthday" owner="Customers">
<var>${val}</var>
<arg>${val}</arg>
<status status="NOT RUN" start="2026-03-12T10:09:51.321440" elapsed="0.000075"/>
</kw>
<status status="NOT RUN" start="2026-03-12T10:09:51.320740" elapsed="0.000871"/>
</branch>
<status status="PASS" start="2026-03-12T10:09:51.320682" elapsed="0.000990"/>
</if>
<kw name="Input Text" owner="SeleniumLibrary">
<msg time="2026-03-12T10:09:51.322786" level="INFO">Typing text '92998-3874' into text field '//input[@name='zipcode']'.</msg>
<arg>${locator}</arg>
<arg>${val}</arg>
<doc>Types the given ``text`` into the text field identified by ``locator``.</doc>
<status status="PASS" start="2026-03-12T10:09:51.322014" elapsed="0.130878"/>
</kw>
<var name="${i}">7</var>
<var name="${locator}">//input[@name='zipcode']</var>
<status status="PASS" start="2026-03-12T10:09:51.318353" elapsed="0.134860"/>
</iter>
<iter>
<kw name="Set Variable" owner="BuiltIn">
<msg time="2026-03-12T10:09:51.456417" level="INFO">${val} = t65dSJ%g</msg>
<var>${val}</var>
<arg>${values[${i}]}</arg>
<doc>Returns the given values which can then be assigned to a variables.</doc>
<status status="PASS" start="2026-03-12T10:09:51.454154" elapsed="0.002402"/>
</kw>
<if>
<branch type="IF" condition="$locator == $cust_txt_birthday">
<kw name="Format Birthday" owner="Customers">
<var>${val}</var>
<arg>${val}</arg>
<status status="NOT RUN" start="2026-03-12T10:09:51.457568" elapsed="0.000070"/>
</kw>
<status status="NOT RUN" start="2026-03-12T10:09:51.456883" elapsed="0.000843"/>
</branch>
<status status="PASS" start="2026-03-12T10:09:51.456808" elapsed="0.000984"/>
</if>
<kw name="Input Text" owner="SeleniumLibrary">
<msg time="2026-03-12T10:09:51.458610" level="INFO">Typing text 't65dSJ%g' into text field '//input[@name='password']'.</msg>
<arg>${locator}</arg>
<arg>${val}</arg>
<doc>Types the given ``text`` into the text field identified by ``locator``.</doc>
<status status="PASS" start="2026-03-12T10:09:51.458026" elapsed="0.110946"/>
</kw>
<var name="${i}">8</var>
<var name="${locator}">//input[@name='password']</var>
<status status="PASS" start="2026-03-12T10:09:51.453748" elapsed="0.115410"/>
</iter>
<iter>
<kw name="Set Variable" owner="BuiltIn">
<msg time="2026-03-12T10:09:51.571390" level="INFO">${val} = t65dSJ%g</msg>
<var>${val}</var>
<arg>${values[${i}]}</arg>
<doc>Returns the given values which can then be assigned to a variables.</doc>
<status status="PASS" start="2026-03-12T10:09:51.569825" elapsed="0.001629"/>
</kw>
<if>
<branch type="IF" condition="$locator == $cust_txt_birthday">
<kw name="Format Birthday" owner="Customers">
<var>${val}</var>
<arg>${val}</arg>
<status status="NOT RUN" start="2026-03-12T10:09:51.572099" elapsed="0.000066"/>
</kw>
<status status="NOT RUN" start="2026-03-12T10:09:51.571623" elapsed="0.000637"/>
</branch>
<status status="PASS" start="2026-03-12T10:09:51.571583" elapsed="0.000746"/>
</if>
<kw name="Input Text" owner="SeleniumLibrary">
<msg time="2026-03-12T10:09:51.573084" level="INFO">Typing text 't65dSJ%g' into text field '//input[@name='confirm_password']'.</msg>
<arg>${locator}</arg>
<arg>${val}</arg>
<doc>Types the given ``text`` into the text field identified by ``locator``.</doc>
<status status="PASS" start="2026-03-12T10:09:51.572543" elapsed="0.123385"/>
</kw>
<var name="${i}">9</var>
<var name="${locator}">//input[@name='confirm_password']</var>
<status status="PASS" start="2026-03-12T10:09:51.569565" elapsed="0.126534"/>
</iter>
<var>${i}</var>
<var>${locator}</var>
<value>@{locators}</value>
<status status="PASS" start="2026-03-12T10:09:50.407678" elapsed="1.288531"/>
</for>
<kw name="Click Button" owner="SeleniumLibrary">
<msg time="2026-03-12T10:09:51.696995" level="INFO">Clicking button '//button[@type='submit']'.</msg>
<arg>${cust_btn_save}</arg>
<doc>Clicks the button identified by ``locator``.</doc>
<status status="PASS" start="2026-03-12T10:09:51.696539" elapsed="0.128766"/>
</kw>
<kw name="Wait Until Element Is Visible" owner="SeleniumLibrary">
<arg>//div[contains(text(), "created")]</arg>
<doc>Waits until the element ``locator`` is visible.</doc>
<status status="PASS" start="2026-03-12T10:09:51.825758" elapsed="0.502833"/>
</kw>
<arg>${customers[${i}]}</arg>
<status status="PASS" start="2026-03-12T10:09:50.016598" elapsed="2.312192"/>
</kw>
<kw name="Wait Until Page Contains" owner="SeleniumLibrary">
<arg>${customers[${i}]['first_name']}</arg>
<doc>Waits until ``text`` appears on the current page.</doc>
<status status="PASS" start="2026-03-12T10:09:52.329150" elapsed="0.018612"/>
</kw>
<var name="${i}">0</var>
<status status="PASS" start="2026-03-12T10:09:47.401667" elapsed="4.946307"/>
</iter>
<iter>
<kw name="Navigate" owner="app">
<kw name="Run Keyword And Return Status" owner="BuiltIn">
<kw name="Element Should Be Visible" owner="SeleniumLibrary">
<msg time="2026-03-12T10:09:52.372632" level="INFO">Element '//a[descendant::p[text()="Customers"]]' is displayed.</msg>
<arg>//a[descendant::p[text()="${sub_menu}"]]</arg>
<doc>Verifies that the element identified by ``locator`` is visible.</doc>
<status status="PASS" start="2026-03-12T10:09:52.349774" elapsed="0.023104"/>
</kw>
<msg time="2026-03-12T10:09:52.373172" level="INFO">${status} = True</msg>
<var>${status}</var>
<arg>Element Should Be Visible</arg>
<arg>//a[descendant::p[text()="${sub_menu}"]]</arg>
<doc>Runs the specified keyword and returns the status as a Boolean value.</doc>
<status status="PASS" start="2026-03-12T10:09:52.349194" elapsed="0.024026"/>
</kw>
<if>
<branch type="IF" condition="not ${status}">
<kw name="Get Parameter Menu" owner="app">
<var>${parent_menu}</var>
<arg>${sub_menu}</arg>
<status status="NOT RUN" start="2026-03-12T10:09:52.374286" elapsed="0.000054"/>
</kw>
<kw name="Click Element" owner="SeleniumLibrary">
<arg>${parent_menu}</arg>
<doc>Click the element identified by ``locator``.</doc>
<status status="NOT RUN" start="2026-03-12T10:09:52.374534" elapsed="0.000038"/>
</kw>
<kw name="Wait Until Element Is Visible" owner="SeleniumLibrary">
<arg>//a[descendant::p[text()="${sub_menu}"]]</arg>
<arg>timeout=5s</arg>
<doc>Waits until the element ``locator`` is visible.</doc>
<status status="NOT RUN" start="2026-03-12T10:09:52.374711" elapsed="0.000037"/>
</kw>
<status status="NOT RUN" start="2026-03-12T10:09:52.373718" elapsed="0.001086"/>
</branch>
<status status="PASS" start="2026-03-12T10:09:52.373485" elapsed="0.001374"/>
</if>
<kw name="Click Element" owner="SeleniumLibrary">
<msg time="2026-03-12T10:09:52.375398" level="INFO">Clicking element '//a[descendant::p[text()="Customers"]]'.</msg>
<arg>//a[descendant::p[text()="${sub_menu}"]]</arg>
<doc>Click the element identified by ``locator``.</doc>
<status status="PASS" start="2026-03-12T10:09:52.374982" elapsed="0.088390"/>
</kw>
<kw name="Wait Until Element Is Visible" owner="SeleniumLibrary">
<arg>//h6[.//span[text()="${sub_menu}"]]</arg>
<arg>timeout=10s</arg>
<doc>Waits until the element ``locator`` is visible.</doc>
<status status="PASS" start="2026-03-12T10:09:52.463793" elapsed="0.251556"/>
</kw>
<kw name="Run Keyword If" owner="BuiltIn">
<kw name="Sleep" owner="BuiltIn">
<msg time="2026-03-12T10:09:54.716812" level="INFO">Slept 2 seconds.</msg>
<arg>2s</arg>
<doc>Pauses the test executed for the given time.</doc>
<status status="PASS" start="2026-03-12T10:09:52.716319" elapsed="2.000807"/>
</kw>
<arg>"${sub_menu}"=="Customers"</arg>
<arg>Sleep</arg>
<arg>2s</arg>
<doc>Runs the given keyword with the given arguments, if ``condition`` is true.</doc>
<status status="PASS" start="2026-03-12T10:09:52.715671" elapsed="2.001711"/>
</kw>
<arg>Customers</arg>
<status status="PASS" start="2026-03-12T10:09:52.348581" elapsed="2.369066"/>
</kw>
<kw name="Add A Customer" owner="Customers">
<kw name="Click Element" owner="SeleniumLibrary">
<msg time="2026-03-12T10:09:54.721979" level="INFO">Clicking element '//a[text()="Create"]'.</msg>
<arg>//a[text()="Create"]</arg>
<doc>Click the element identified by ``locator``.</doc>
<status status="PASS" start="2026-03-12T10:09:54.721363" elapsed="0.085920"/>
</kw>
<kw name="Wait Until Element Is Visible" owner="SeleniumLibrary">
<arg>//h6[.//span[text()="Create Customer"]]</arg>
<doc>Waits until the element ``locator`` is visible.</doc>
<status status="PASS" start="2026-03-12T10:09:54.807901" elapsed="0.078322"/>
</kw>
<kw name="Create List" owner="BuiltIn">
<msg time="2026-03-12T10:09:54.894361" level="INFO">${values} = ['Ervin', 'Howell', 'Shanna@melissa.tv', '05/18/2003', 'Victor Plains Suite 879', 'Wisokyburgh', 'VSW', '90566-7771', 'HEjrm%iY', 'HEjrm%iY']</msg>
<var>${values}</var>
<arg>${user['first_name']}</arg>
<arg>${user['last_name']}</arg>
<arg>${user['email']}</arg>
<arg>${user['birthday']}</arg>
<arg>${user['address']['street']} ${user['address']['suite']}</arg>
<arg>${user['address']['city']}</arg>
<arg>${user['address']['stateAbbr']}</arg>
<arg>${user['zipcode']}</arg>
<arg>${user['password']}</arg>
<arg>${user['password']}</arg>
<doc>Returns a list containing given items.</doc>
<status status="PASS" start="2026-03-12T10:09:54.886591" elapsed="0.007837"/>
</kw>
<for flavor="IN ENUMERATE">
<iter>
<kw name="Set Variable" owner="BuiltIn">
<msg time="2026-03-12T10:09:54.896108" level="INFO">${val} = Ervin</msg>
<var>${val}</var>
<arg>${values[${i}]}</arg>
<doc>Returns the given values which can then be assigned to a variables.</doc>
<status status="PASS" start="2026-03-12T10:09:54.895103" elapsed="0.001047"/>
</kw>
<if>
<branch type="IF" condition="$locator == $cust_txt_birthday">
<kw name="Format Birthday" owner="Customers">
<var>${val}</var>
<arg>${val}</arg>
<status status="NOT RUN" start="2026-03-12T10:09:54.896622" elapsed="0.000045"/>
</kw>
<status status="NOT RUN" start="2026-03-12T10:09:54.896277" elapsed="0.000447"/>
</branch>
<status status="PASS" start="2026-03-12T10:09:54.896240" elapsed="0.000529"/>
</if>
<kw name="Input Text" owner="SeleniumLibrary">
<msg time="2026-03-12T10:09:54.897200" level="INFO">Typing text 'Ervin' into text field '//input[@name='first_name']'.</msg>
<arg>${locator}</arg>
<arg>${val}</arg>
<doc>Types the given ``text`` into the text field identified by ``locator``.</doc>
<status status="PASS" start="2026-03-12T10:09:54.896895" elapsed="0.113598"/>
</kw>
<var name="${i}">0</var>
<var name="${locator}">//input[@name='first_name']</var>
<status status="PASS" start="2026-03-12T10:09:54.894918" elapsed="0.115849"/>
</iter>
<iter>
<kw name="Set Variable" owner="BuiltIn">
<msg time="2026-03-12T10:09:55.013124" level="INFO">${val} = Howell</msg>
<var>${val}</var>
<arg>${values[${i}]}</arg>
<doc>Returns the given values which can then be assigned to a variables.</doc>
<status status="PASS" start="2026-03-12T10:09:55.011628" elapsed="0.001550"/>
</kw>
<if>
<branch type="IF" condition="$locator == $cust_txt_birthday">
<kw name="Format Birthday" owner="Customers">
<var>${val}</var>
<arg>${val}</arg>
<status status="NOT RUN" start="2026-03-12T10:09:55.013733" elapsed="0.000057"/>
</kw>
<status status="NOT RUN" start="2026-03-12T10:09:55.013332" elapsed="0.000516"/>
</branch>
<status status="PASS" start="2026-03-12T10:09:55.013292" elapsed="0.000604"/>
</if>
<kw name="Input Text" owner="SeleniumLibrary">
<msg time="2026-03-12T10:09:55.014388" level="INFO">Typing text 'Howell' into text field '//input[@name='last_name']'.</msg>
<arg>${locator}</arg>
<arg>${val}</arg>
<doc>Types the given ``text`` into the text field identified by ``locator``.</doc>
<status status="PASS" start="2026-03-12T10:09:55.014045" elapsed="0.112321"/>
</kw>
<var name="${i}">1</var>
<var name="${locator}">//input[@name='last_name']</var>
<status status="PASS" start="2026-03-12T10:09:55.011306" elapsed="0.115215"/>
</iter>
<iter>
<kw name="Set Variable" owner="BuiltIn">
<msg time="2026-03-12T10:09:55.128669" level="INFO">${val} = Shanna@melissa.tv</msg>
<var>${val}</var>
<arg>${values[${i}]}</arg>
<doc>Returns the given values which can then be assigned to a variables.</doc>
<status status="PASS" start="2026-03-12T10:09:55.127115" elapsed="0.001636"/>
</kw>
<if>
<branch type="IF" condition="$locator == $cust_txt_birthday">
<kw name="Format Birthday" owner="Customers">
<var>${val}</var>
<arg>${val}</arg>
<status status="NOT RUN" start="2026-03-12T10:09:55.129609" elapsed="0.000075"/>
</kw>
<status status="NOT RUN" start="2026-03-12T10:09:55.129003" elapsed="0.000953"/>
</branch>
<status status="PASS" start="2026-03-12T10:09:55.128940" elapsed="0.001086"/>
</if>
<kw name="Input Text" owner="SeleniumLibrary">
<msg time="2026-03-12T10:09:55.130690" level="INFO">Typing text 'Shanna@melissa.tv' into text field '//input[@name='email']'.</msg>
<arg>${locator}</arg>
<arg>${val}</arg>
<doc>Types the given ``text`` into the text field identified by ``locator``.</doc>
<status status="PASS" start="2026-03-12T10:09:55.130232" elapsed="0.136612"/>
</kw>
<var name="${i}">2</var>
<var name="${locator}">//input[@name='email']</var>
<status status="PASS" start="2026-03-12T10:09:55.126877" elapsed="0.140138"/>
</iter>
<iter>
<kw name="Set Variable" owner="BuiltIn">
<msg time="2026-03-12T10:09:55.269421" level="INFO">${val} = 05/18/2003</msg>
<var>${val}</var>
<arg>${values[${i}]}</arg>
<doc>Returns the given values which can then be assigned to a variables.</doc>
<status status="PASS" start="2026-03-12T10:09:55.267652" elapsed="0.001862"/>
</kw>
<if>
<branch type="IF" condition="$locator == $cust_txt_birthday">
<kw name="Format Birthday" owner="Customers">
<kw name="Evaluate" owner="BuiltIn">
<msg time="2026-03-12T10:09:55.271924" level="INFO">${val} = 05/18/2003</msg>
<var>${val}</var>
<arg>"".join($date.split("-")[1:] + [$date.split("-")[0]])</arg>
<doc>Evaluates the given expression in Python and returns the result.</doc>
<status status="PASS" start="2026-03-12T10:09:55.271006" elapsed="0.001069"/>
</kw>
<return>
<value>${val}</value>
<status status="PASS" start="2026-03-12T10:09:55.272208" elapsed="0.000126"/>
</return>
<msg time="2026-03-12T10:09:55.272644" level="INFO">${val} = 05/18/2003</msg>
<var>${val}</var>
<arg>${val}</arg>
<status status="PASS" start="2026-03-12T10:09:55.270333" elapsed="0.002372"/>
</kw>
<status status="PASS" start="2026-03-12T10:09:55.269740" elapsed="0.003069"/>
</branch>
<status status="PASS" start="2026-03-12T10:09:55.269688" elapsed="0.003194"/>
</if>
<kw name="Input Text" owner="SeleniumLibrary">
<msg time="2026-03-12T10:09:55.273690" level="INFO">Typing text '05/18/2003' into text field '//input[@name='birthday']'.</msg>
<arg>${locator}</arg>
<arg>${val}</arg>
<doc>Types the given ``text`` into the text field identified by ``locator``.</doc>
<status status="PASS" start="2026-03-12T10:09:55.273141" elapsed="0.138846"/>
</kw>
<var name="${i}">3</var>
<var name="${locator}">//input[@name='birthday']</var>
<status status="PASS" start="2026-03-12T10:09:55.267402" elapsed="0.144766"/>
</iter>
<iter>
<kw name="Set Variable" owner="BuiltIn">
<msg time="2026-03-12T10:09:55.414442" level="INFO">${val} = Victor Plains Suite 879</msg>
<var>${val}</var>
<arg>${values[${i}]}</arg>
<doc>Returns the given values which can then be assigned to a variables.</doc>
<status status="PASS" start="2026-03-12T10:09:55.412891" elapsed="0.001620"/>
</kw>
<if>
<branch type="IF" condition="$locator == $cust_txt_birthday">
<kw name="Format Birthday" owner="Customers">
<var>${val}</var>
<arg>${val}</arg>
<status status="NOT RUN" start="2026-03-12T10:09:55.415117" elapsed="0.000055"/>
</kw>
<status status="NOT RUN" start="2026-03-12T10:09:55.414688" elapsed="0.000552"/>
</branch>
<status status="PASS" start="2026-03-12T10:09:55.414647" elapsed="0.000645"/>
</if>
<kw name="Input Text" owner="SeleniumLibrary">
<msg time="2026-03-12T10:09:55.415844" level="INFO">Typing text 'Victor Plains Suite 879' into text field '//textarea[@name='address']'.</msg>
<arg>${locator}</arg>
<arg>${val}</arg>
<doc>Types the given ``text`` into the text field identified by ``locator``.</doc>
<status status="PASS" start="2026-03-12T10:09:55.415454" elapsed="0.194775"/>
</kw>
<var name="${i}">4</var>
<var name="${locator}">//textarea[@name='address']</var>
<status status="PASS" start="2026-03-12T10:09:55.412614" elapsed="0.197794"/>
</iter>
<iter>
<kw name="Set Variable" owner="BuiltIn">
<msg time="2026-03-12T10:09:55.612443" level="INFO">${val} = Wisokyburgh</msg>
<var>${val}</var>
<arg>${values[${i}]}</arg>
<doc>Returns the given values which can then be assigned to a variables.</doc>
<status status="PASS" start="2026-03-12T10:09:55.611060" elapsed="0.001434"/>
</kw>
<if>
<branch type="IF" condition="$locator == $cust_txt_birthday">
<kw name="Format Birthday" owner="Customers">
<var>${val}</var>
<arg>${val}</arg>
<status status="NOT RUN" start="2026-03-12T10:09:55.613005" elapsed="0.000051"/>
</kw>
<status status="NOT RUN" start="2026-03-12T10:09:55.612631" elapsed="0.000483"/>
</branch>
<status status="PASS" start="2026-03-12T10:09:55.612597" elapsed="0.000566"/>
</if>
<kw name="Input Text" owner="SeleniumLibrary">
<msg time="2026-03-12T10:09:55.613624" level="INFO">Typing text 'Wisokyburgh' into text field '//input[@name='city']'.</msg>
<arg>${locator}</arg>
<arg>${val}</arg>
<doc>Types the given ``text`` into the text field identified by ``locator``.</doc>
<status status="PASS" start="2026-03-12T10:09:55.613302" elapsed="0.116947"/>
</kw>
<var name="${i}">5</var>
<var name="${locator}">//input[@name='city']</var>
<status status="PASS" start="2026-03-12T10:09:55.610818" elapsed="0.119574"/>
</iter>
<iter>
<kw name="Set Variable" owner="BuiltIn">
<msg time="2026-03-12T10:09:55.732031" level="INFO">${val} = VSW</msg>
<var>${val}</var>
<arg>${values[${i}]}</arg>
<doc>Returns the given values which can then be assigned to a variables.</doc>
<status status="PASS" start="2026-03-12T10:09:55.730889" elapsed="0.001192"/>
</kw>
<if>
<branch type="IF" condition="$locator == $cust_txt_birthday">
<kw name="Format Birthday" owner="Customers">
<var>${val}</var>
<arg>${val}</arg>
<status status="NOT RUN" start="2026-03-12T10:09:55.732638" elapsed="0.000059"/>
</kw>
<status status="NOT RUN" start="2026-03-12T10:09:55.732218" elapsed="0.000548"/>
</branch>
<status status="PASS" start="2026-03-12T10:09:55.732186" elapsed="0.000629"/>
</if>
<kw name="Input Text" owner="SeleniumLibrary">
<msg time="2026-03-12T10:09:55.733437" level="INFO">Typing text 'VSW' into text field '//input[@name='stateAbbr']'.</msg>
<arg>${locator}</arg>
<arg>${val}</arg>
<doc>Types the given ``text`` into the text field identified by ``locator``.</doc>
<status status="PASS" start="2026-03-12T10:09:55.733005" elapsed="0.103199"/>
</kw>
<var name="${i}">6</var>
<var name="${locator}">//input[@name='stateAbbr']</var>
<status status="PASS" start="2026-03-12T10:09:55.730692" elapsed="0.105712"/>
</iter>
<iter>
<kw name="Set Variable" owner="BuiltIn">
<msg time="2026-03-12T10:09:55.838877" level="INFO">${val} = 90566-7771</msg>
<var>${val}</var>
<arg>${values[${i}]}</arg>
<doc>Returns the given values which can then be assigned to a variables.</doc>
<status status="PASS" start="2026-03-12T10:09:55.837156" elapsed="0.001800"/>
</kw>
<if>
<branch type="IF" condition="$locator == $cust_txt_birthday">
<kw name="Format Birthday" owner="Customers">
<var>${val}</var>
<arg>${val}</arg>
<status status="NOT RUN" start="2026-03-12T10:09:55.839812" elapsed="0.000059"/>
</kw>
<status status="NOT RUN" start="2026-03-12T10:09:55.839303" elapsed="0.000635"/>
</branch>
<status status="PASS" start="2026-03-12T10:09:55.839250" elapsed="0.000743"/>
</if>
<kw name="Input Text" owner="SeleniumLibrary">
<msg time="2026-03-12T10:09:55.840711" level="INFO">Typing text '90566-7771' into text field '//input[@name='zipcode']'.</msg>
<arg>${locator}</arg>
<arg>${val}</arg>
<doc>Types the given ``text`` into the text field identified by ``locator``.</doc>
<status status="PASS" start="2026-03-12T10:09:55.840181" elapsed="0.122434"/>
</kw>
<var name="${i}">7</var>
<var name="${locator}">//input[@name='zipcode']</var>
<status status="PASS" start="2026-03-12T10:09:55.836856" elapsed="0.125946"/>
</iter>
<iter>
<kw name="Set Variable" owner="BuiltIn">
<msg time="2026-03-12T10:09:55.965418" level="INFO">${val} = HEjrm%iY</msg>
<var>${val}</var>
<arg>${values[${i}]}</arg>
<doc>Returns the given values which can then be assigned to a variables.</doc>
<status status="PASS" start="2026-03-12T10:09:55.963521" elapsed="0.001970"/>
</kw>
<if>
<branch type="IF" condition="$locator == $cust_txt_birthday">
<kw name="Format Birthday" owner="Customers">
<var>${val}</var>
<arg>${val}</arg>
<status status="NOT RUN" start="2026-03-12T10:09:55.966106" elapsed="0.000058"/>
</kw>
<status status="NOT RUN" start="2026-03-12T10:09:55.965675" elapsed="0.000558"/>
</branch>
<status status="PASS" start="2026-03-12T10:09:55.965636" elapsed="0.000653"/>
</if>
<kw name="Input Text" owner="SeleniumLibrary">
<msg time="2026-03-12T10:09:55.966850" level="INFO">Typing text 'HEjrm%iY' into text field '//input[@name='password']'.</msg>
<arg>${locator}</arg>
<arg>${val}</arg>
<doc>Types the given ``text`` into the text field identified by ``locator``.</doc>
<status status="PASS" start="2026-03-12T10:09:55.966458" elapsed="0.135059"/>
</kw>
<var name="${i}">8</var>
<var name="${locator}">//input[@name='password']</var>
<status status="PASS" start="2026-03-12T10:09:55.963238" elapsed="0.138432"/>
</iter>
<iter>
<kw name="Set Variable" owner="BuiltIn">
<msg time="2026-03-12T10:09:56.103886" level="INFO">${val} = HEjrm%iY</msg>
<var>${val}</var>
<arg>${values[${i}]}</arg>
<doc>Returns the given values which can then be assigned to a variables.</doc>
<status status="PASS" start="2026-03-12T10:09:56.102252" elapsed="0.001710"/>
</kw>
<if>
<branch type="IF" condition="$locator == $cust_txt_birthday">
<kw name="Format Birthday" owner="Customers">
<var>${val}</var>
<arg>${val}</arg>
<status status="NOT RUN" start="2026-03-12T10:09:56.111670" elapsed="0.000099"/>
</kw>
<status status="NOT RUN" start="2026-03-12T10:09:56.104154" elapsed="0.007697"/>
</branch>
<status status="PASS" start="2026-03-12T10:09:56.104108" elapsed="0.007801"/>
</if>
<kw name="Input Text" owner="SeleniumLibrary">
<msg time="2026-03-12T10:09:56.112503" level="INFO">Typing text 'HEjrm%iY' into text field '//input[@name='confirm_password']'.</msg>
<arg>${locator}</arg>
<arg>${val}</arg>
<doc>Types the given ``text`` into the text field identified by ``locator``.</doc>
<status status="PASS" start="2026-03-12T10:09:56.112076" elapsed="0.139582"/>
</kw>
<var name="${i}">9</var>
<var name="${locator}">//input[@name='confirm_password']</var>
<status status="PASS" start="2026-03-12T10:09:56.102003" elapsed="0.149827"/>
</iter>
<var>${i}</var>
<var>${locator}</var>
<value>@{locators}</value>
<status status="PASS" start="2026-03-12T10:09:54.894588" elapsed="1.357353"/>
</for>
<kw name="Click Button" owner="SeleniumLibrary">
<msg time="2026-03-12T10:09:56.252865" level="INFO">Clicking button '//button[@type='submit']'.</msg>
<arg>${cust_btn_save}</arg>
<doc>Clicks the button identified by ``locator``.</doc>
<status status="PASS" start="2026-03-12T10:09:56.252297" elapsed="0.132221"/>
</kw>
<kw name="Wait Until Element Is Visible" owner="SeleniumLibrary">
<arg>//div[contains(text(), "created")]</arg>
<doc>Waits until the element ``locator`` is visible.</doc>
<status status="PASS" start="2026-03-12T10:09:56.386297" elapsed="0.474922"/>
</kw>
<arg>${customers[${i}]}</arg>
<status status="PASS" start="2026-03-12T10:09:54.718520" elapsed="2.143005"/>
</kw>
<kw name="Wait Until Page Contains" owner="SeleniumLibrary">
<arg>${customers[${i}]['first_name']}</arg>
<doc>Waits until ``text`` appears on the current page.</doc>
<status status="PASS" start="2026-03-12T10:09:56.861774" elapsed="0.015863"/>
</kw>
<var name="${i}">1</var>
<status status="PASS" start="2026-03-12T10:09:52.348229" elapsed="4.529668"/>
</iter>
<iter>
<kw name="Navigate" owner="app">
<kw name="Run Keyword And Return Status" owner="BuiltIn">
<kw name="Element Should Be Visible" owner="SeleniumLibrary">
<msg time="2026-03-12T10:09:56.896626" level="INFO">Element '//a[descendant::p[text()="Customers"]]' is displayed.</msg>
<arg>//a[descendant::p[text()="${sub_menu}"]]</arg>
<doc>Verifies that the element identified by ``locator`` is visible.</doc>
<status status="PASS" start="2026-03-12T10:09:56.879405" elapsed="0.017394"/>
</kw>
<msg time="2026-03-12T10:09:56.897022" level="INFO">${status} = True</msg>
<var>${status}</var>
<arg>Element Should Be Visible</arg>
<arg>//a[descendant::p[text()="${sub_menu}"]]</arg>
<doc>Runs the specified keyword and returns the status as a Boolean value.</doc>
<status status="PASS" start="2026-03-12T10:09:56.878907" elapsed="0.018154"/>
</kw>
<if>
<branch type="IF" condition="not ${status}">
<kw name="Get Parameter Menu" owner="app">
<var>${parent_menu}</var>
<arg>${sub_menu}</arg>
<status status="NOT RUN" start="2026-03-12T10:09:56.897633" elapsed="0.000049"/>
</kw>
<kw name="Click Element" owner="SeleniumLibrary">
<arg>${parent_menu}</arg>
<doc>Click the element identified by ``locator``.</doc>
<status status="NOT RUN" start="2026-03-12T10:09:56.897860" elapsed="0.000037"/>
</kw>
<kw name="Wait Until Element Is Visible" owner="SeleniumLibrary">
<arg>//a[descendant::p[text()="${sub_menu}"]]</arg>
<arg>timeout=5s</arg>
<doc>Waits until the element ``locator`` is visible.</doc>
<status status="NOT RUN" start="2026-03-12T10:09:56.898030" elapsed="0.000035"/>
</kw>
<status status="NOT RUN" start="2026-03-12T10:09:56.897204" elapsed="0.000913"/>
</branch>
<status status="PASS" start="2026-03-12T10:09:56.897164" elapsed="0.001003"/>
</if>
<kw name="Click Element" owner="SeleniumLibrary">
<msg time="2026-03-12T10:09:56.898634" level="INFO">Clicking element '//a[descendant::p[text()="Customers"]]'.</msg>
<arg>//a[descendant::p[text()="${sub_menu}"]]</arg>
<doc>Click the element identified by ``locator``.</doc>
<status status="PASS" start="2026-03-12T10:09:56.898276" elapsed="0.100396"/>
</kw>
<kw name="Wait Until Element Is Visible" owner="SeleniumLibrary">
<arg>//h6[.//span[text()="${sub_menu}"]]</arg>
<arg>timeout=10s</arg>
<doc>Waits until the element ``locator`` is visible.</doc>
<status status="PASS" start="2026-03-12T10:09:56.999040" elapsed="0.264300"/>
</kw>
<kw name="Run Keyword If" owner="BuiltIn">
<kw name="Sleep" owner="BuiltIn">
<msg time="2026-03-12T10:09:59.265441" level="INFO">Slept 2 seconds.</msg>
<arg>2s</arg>
<doc>Pauses the test executed for the given time.</doc>
<status status="PASS" start="2026-03-12T10:09:57.264704" elapsed="2.001058"/>
</kw>
<arg>"${sub_menu}"=="Customers"</arg>
<arg>Sleep</arg>
<arg>2s</arg>
<doc>Runs the given keyword with the given arguments, if ``condition`` is true.</doc>
<status status="PASS" start="2026-03-12T10:09:57.263706" elapsed="2.002314"/>
</kw>
<arg>Customers</arg>
<status status="PASS" start="2026-03-12T10:09:56.878466" elapsed="2.387816"/>
</kw>
<kw name="Add A Customer" owner="Customers">
<kw name="Click Element" owner="SeleniumLibrary">
<msg time="2026-03-12T10:09:59.270416" level="INFO">Clicking element '//a[text()="Create"]'.</msg>
<arg>//a[text()="Create"]</arg>
<doc>Click the element identified by ``locator``.</doc>
<status status="PASS" start="2026-03-12T10:09:59.269832" elapsed="0.109707"/>
</kw>
<kw name="Wait Until Element Is Visible" owner="SeleniumLibrary">
<arg>//h6[.//span[text()="Create Customer"]]</arg>
<doc>Waits until the element ``locator`` is visible.</doc>
<status status="PASS" start="2026-03-12T10:09:59.380050" elapsed="0.271370"/>
</kw>
<kw name="Create List" owner="BuiltIn">
<msg time="2026-03-12T10:09:59.667685" level="INFO">${values} = ['Clementine', 'Bauch', 'Nathan@yesenia.net', '01/01/2000', 'Douglas Extension Suite 847', 'McKenziehaven', 'DSM', '59590-4157', '29kYTPAh', '29kYTPAh']</msg>
<var>${values}</var>
<arg>${user['first_name']}</arg>
<arg>${user['last_name']}</arg>
<arg>${user['email']}</arg>
<arg>${user['birthday']}</arg>
<arg>${user['address']['street']} ${user['address']['suite']}</arg>
<arg>${user['address']['city']}</arg>
<arg>${user['address']['stateAbbr']}</arg>
<arg>${user['zipcode']}</arg>
<arg>${user['password']}</arg>
<arg>${user['password']}</arg>
<doc>Returns a list containing given items.</doc>
<status status="PASS" start="2026-03-12T10:09:59.651992" elapsed="0.015833"/>
</kw>
<for flavor="IN ENUMERATE">
<iter>
<kw name="Set Variable" owner="BuiltIn">
<msg time="2026-03-12T10:09:59.671959" level="INFO">${val} = Clementine</msg>
<var>${val}</var>
<arg>${values[${i}]}</arg>
<doc>Returns the given values which can then be assigned to a variables.</doc>
<status status="PASS" start="2026-03-12T10:09:59.669332" elapsed="0.002741"/>
</kw>
<if>
<branch type="IF" condition="$locator == $cust_txt_birthday">
<kw name="Format Birthday" owner="Customers">
<var>${val}</var>
<arg>${val}</arg>
<status status="NOT RUN" start="2026-03-12T10:09:59.673240" elapsed="0.000121"/>
</kw>
<status status="NOT RUN" start="2026-03-12T10:09:59.672395" elapsed="0.001119"/>
</branch>
<status status="PASS" start="2026-03-12T10:09:59.672327" elapsed="0.001311"/>
</if>
<kw name="Input Text" owner="SeleniumLibrary">
<msg time="2026-03-12T10:09:59.674711" level="INFO">Typing text 'Clementine' into text field '//input[@name='first_name']'.</msg>
<arg>${locator}</arg>
<arg>${val}</arg>
<doc>Types the given ``text`` into the text field identified by ``locator``.</doc>
<status status="PASS" start="2026-03-12T10:09:59.673964" elapsed="0.127622"/>
</kw>
<var name="${i}">0</var>
<var name="${locator}">//input[@name='first_name']</var>
<status status="PASS" start="2026-03-12T10:09:59.668938" elapsed="0.132822"/>
</iter>
<iter>
<kw name="Set Variable" owner="BuiltIn">
<msg time="2026-03-12T10:09:59.804363" level="INFO">${val} = Bauch</msg>
<var>${val}</var>
<arg>${values[${i}]}</arg>
<doc>Returns the given values which can then be assigned to a variables.</doc>
<status status="PASS" start="2026-03-12T10:09:59.802459" elapsed="0.002005"/>
</kw>
<if>
<branch type="IF" condition="$locator == $cust_txt_birthday">
<kw name="Format Birthday" owner="Customers">
<var>${val}</var>
<arg>${val}</arg>
<status status="NOT RUN" start="2026-03-12T10:09:59.805583" elapsed="0.000160"/>
</kw>
<status status="NOT RUN" start="2026-03-12T10:09:59.804814" elapsed="0.001047"/>
</branch>
<status status="PASS" start="2026-03-12T10:09:59.804751" elapsed="0.001193"/>
</if>
<kw name="Input Text" owner="SeleniumLibrary">
<msg time="2026-03-12T10:09:59.806963" level="INFO">Typing text 'Bauch' into text field '//input[@name='last_name']'.</msg>
<arg>${locator}</arg>
<arg>${val}</arg>
<doc>Types the given ``text`` into the text field identified by ``locator``.</doc>
<status status="PASS" start="2026-03-12T10:09:59.806230" elapsed="0.111983"/>
</kw>
<var name="${i}">1</var>
<var name="${locator}">//input[@name='last_name']</var>
<status status="PASS" start="2026-03-12T10:09:59.802171" elapsed="0.116195"/>
</iter>
<iter>
<kw name="Set Variable" owner="BuiltIn">
<msg time="2026-03-12T10:09:59.920472" level="INFO">${val} = Nathan@yesenia.net</msg>
<var>${val}</var>
<arg>${values[${i}]}</arg>
<doc>Returns the given values which can then be assigned to a variables.</doc>
<status status="PASS" start="2026-03-12T10:09:59.918933" elapsed="0.001635"/>
</kw>
<if>
<branch type="IF" condition="$locator == $cust_txt_birthday">
<kw name="Format Birthday" owner="Customers">
<var>${val}</var>
<arg>${val}</arg>
<status status="NOT RUN" start="2026-03-12T10:09:59.921433" elapsed="0.000097"/>
</kw>
<status status="NOT RUN" start="2026-03-12T10:09:59.920821" elapsed="0.000812"/>
</branch>
<status status="PASS" start="2026-03-12T10:09:59.920763" elapsed="0.000939"/>
</if>
<kw name="Input Text" owner="SeleniumLibrary">
<msg time="2026-03-12T10:09:59.922583" level="INFO">Typing text 'Nathan@yesenia.net' into text field '//input[@name='email']'.</msg>
<arg>${locator}</arg>
<arg>${val}</arg>
<doc>Types the given ``text`` into the text field identified by ``locator``.</doc>
<status status="PASS" start="2026-03-12T10:09:59.921954" elapsed="0.129067"/>
</kw>
<var name="${i}">2</var>
<var name="${locator}">//input[@name='email']</var>
<status status="PASS" start="2026-03-12T10:09:59.918698" elapsed="0.132468"/>
</iter>
<iter>
<kw name="Set Variable" owner="BuiltIn">
<msg time="2026-03-12T10:10:00.053075" level="INFO">${val} = 01/01/2000</msg>
<var>${val}</var>
<arg>${values[${i}]}</arg>
<doc>Returns the given values which can then be assigned to a variables.</doc>
<status status="PASS" start="2026-03-12T10:10:00.051698" elapsed="0.001473"/>
</kw>
<if>
<branch type="IF" condition="$locator == $cust_txt_birthday">
<kw name="Format Birthday" owner="Customers">
<kw name="Evaluate" owner="BuiltIn">
<msg time="2026-03-12T10:10:00.055670" level="INFO">${val} = 01/01/2000</msg>
<var>${val}</var>
<arg>"".join($date.split("-")[1:] + [$date.split("-")[0]])</arg>
<doc>Evaluates the given expression in Python and returns the result.</doc>
<status status="PASS" start="2026-03-12T10:10:00.054598" elapsed="0.001157"/>
</kw>
<return>
<value>${val}</value>
<status status="PASS" start="2026-03-12T10:10:00.055873" elapsed="0.000078"/>
</return>
<msg time="2026-03-12T10:10:00.056158" level="INFO">${val} = 01/01/2000</msg>
<var>${val}</var>
<arg>${val}</arg>
<status status="PASS" start="2026-03-12T10:10:00.053949" elapsed="0.002244"/>
</kw>
<status status="PASS" start="2026-03-12T10:10:00.053399" elapsed="0.002875"/>
</branch>
<status status="PASS" start="2026-03-12T10:10:00.053346" elapsed="0.002987"/>
</if>
<kw name="Input Text" owner="SeleniumLibrary">
<msg time="2026-03-12T10:10:00.056955" level="INFO">Typing text '01/01/2000' into text field '//input[@name='birthday']'.</msg>
<arg>${locator}</arg>
<arg>${val}</arg>
<doc>Types the given ``text`` into the text field identified by ``locator``.</doc>
<status status="PASS" start="2026-03-12T10:10:00.056549" elapsed="0.103223"/>
</kw>
<var name="${i}">3</var>
<var name="${locator}">//input[@name='birthday']</var>
<status status="PASS" start="2026-03-12T10:10:00.051478" elapsed="0.108459"/>
</iter>
<iter>
<kw name="Set Variable" owner="BuiltIn">
<msg time="2026-03-12T10:10:00.161949" level="INFO">${val} = Douglas Extension Suite 847</msg>
<var>${val}</var>
<arg>${values[${i}]}</arg>
<doc>Returns the given values which can then be assigned to a variables.</doc>
<status status="PASS" start="2026-03-12T10:10:00.160586" elapsed="0.001412"/>
</kw>
<if>
<branch type="IF" condition="$locator == $cust_txt_birthday">
<kw name="Format Birthday" owner="Customers">
<var>${val}</var>
<arg>${val}</arg>
<status status="NOT RUN" start="2026-03-12T10:10:00.162484" elapsed="0.000049"/>
</kw>
<status status="NOT RUN" start="2026-03-12T10:10:00.162126" elapsed="0.000466"/>
</branch>
<status status="PASS" start="2026-03-12T10:10:00.162095" elapsed="0.000545"/>
</if>
<kw name="Input Text" owner="SeleniumLibrary">
<msg time="2026-03-12T10:10:00.163099" level="INFO">Typing text 'Douglas Extension Suite 847' into text field '//textarea[@name='address']'.</msg>
<arg>${locator}</arg>
<arg>${val}</arg>
<doc>Types the given ``text`` into the text field identified by ``locator``.</doc>
<status status="PASS" start="2026-03-12T10:10:00.162772" elapsed="0.171225"/>
</kw>
<var name="${i}">4</var>
<var name="${locator}">//textarea[@name='address']</var>
<status status="PASS" start="2026-03-12T10:10:00.160340" elapsed="0.173827"/>
</iter>
<iter>
<kw name="Set Variable" owner="BuiltIn">
<msg time="2026-03-12T10:10:00.336651" level="INFO">${val} = McKenziehaven</msg>
<var>${val}</var>
<arg>${values[${i}]}</arg>
<doc>Returns the given values which can then be assigned to a variables.</doc>
<status status="PASS" start="2026-03-12T10:10:00.334810" elapsed="0.001959"/>
</kw>
<if>
<branch type="IF" condition="$locator == $cust_txt_birthday">
<kw name="Format Birthday" owner="Customers">
<var>${val}</var>
<arg>${val}</arg>
<status status="NOT RUN" start="2026-03-12T10:10:00.337693" elapsed="0.000090"/>
</kw>
<status status="NOT RUN" start="2026-03-12T10:10:00.337031" elapsed="0.001085"/>
</branch>
<status status="PASS" start="2026-03-12T10:10:00.336970" elapsed="0.001238"/>
</if>
<kw name="Input Text" owner="SeleniumLibrary">
<msg time="2026-03-12T10:10:00.339264" level="INFO">Typing text 'McKenziehaven' into text field '//input[@name='city']'.</msg>
<arg>${locator}</arg>
<arg>${val}</arg>
<doc>Types the given ``text`` into the text field identified by ``locator``.</doc>
<status status="PASS" start="2026-03-12T10:10:00.338534" elapsed="0.112477"/>
</kw>
<var name="${i}">5</var>
<var name="${locator}">//input[@name='city']</var>
<status status="PASS" start="2026-03-12T10:10:00.334556" elapsed="0.116611"/>
</iter>
<iter>
<kw name="Set Variable" owner="BuiltIn">
<msg time="2026-03-12T10:10:00.453845" level="INFO">${val} = DSM</msg>
<var>${val}</var>
<arg>${values[${i}]}</arg>
<doc>Returns the given values which can then be assigned to a variables.</doc>
<status status="PASS" start="2026-03-12T10:10:00.452030" elapsed="0.001919"/>
</kw>
<if>
<branch type="IF" condition="$locator == $cust_txt_birthday">
<kw name="Format Birthday" owner="Customers">
<var>${val}</var>
<arg>${val}</arg>
<status status="NOT RUN" start="2026-03-12T10:10:00.454815" elapsed="0.000080"/>
</kw>
<status status="NOT RUN" start="2026-03-12T10:10:00.454197" elapsed="0.000788"/>
</branch>
<status status="PASS" start="2026-03-12T10:10:00.454142" elapsed="0.000905"/>
</if>
<kw name="Input Text" owner="SeleniumLibrary">
<msg time="2026-03-12T10:10:00.456015" level="INFO">Typing text 'DSM' into text field '//input[@name='stateAbbr']'.</msg>
<arg>${locator}</arg>
<arg>${val}</arg>
<doc>Types the given ``text`` into the text field identified by ``locator``.</doc>
<status status="PASS" start="2026-03-12T10:10:00.455249" elapsed="0.093676"/>
</kw>
<var name="${i}">6</var>
<var name="${locator}">//input[@name='stateAbbr']</var>
<status status="PASS" start="2026-03-12T10:10:00.451673" elapsed="0.097397"/>
</iter>
<iter>
<kw name="Set Variable" owner="BuiltIn">
<msg time="2026-03-12T10:10:00.550666" level="INFO">${val} = 59590-4157</msg>
<var>${val}</var>
<arg>${values[${i}]}</arg>
<doc>Returns the given values which can then be assigned to a variables.</doc>
<status status="PASS" start="2026-03-12T10:10:00.549573" elapsed="0.001212"/>
</kw>
<if>
<branch type="IF" condition="$locator == $cust_txt_birthday">
<kw name="Format Birthday" owner="Customers">
<var>${val}</var>
<arg>${val}</arg>
<status status="NOT RUN" start="2026-03-12T10:10:00.551352" elapsed="0.000081"/>
</kw>
<status status="NOT RUN" start="2026-03-12T10:10:00.550925" elapsed="0.000589"/>
</branch>
<status status="PASS" start="2026-03-12T10:10:00.550891" elapsed="0.000684"/>
</if>
<kw name="Input Text" owner="SeleniumLibrary">
<msg time="2026-03-12T10:10:00.552366" level="INFO">Typing text '59590-4157' into text field '//input[@name='zipcode']'.</msg>
<arg>${locator}</arg>
<arg>${val}</arg>
<doc>Types the given ``text`` into the text field identified by ``locator``.</doc>
<status status="PASS" start="2026-03-12T10:10:00.551795" elapsed="0.164854"/>
</kw>
<var name="${i}">7</var>
<var name="${locator}">//input[@name='zipcode']</var>
<status status="PASS" start="2026-03-12T10:10:00.549364" elapsed="0.167444"/>
</iter>
<iter>
<kw name="Set Variable" owner="BuiltIn">
<msg time="2026-03-12T10:10:00.719346" level="INFO">${val} = 29kYTPAh</msg>
<var>${val}</var>
<arg>${values[${i}]}</arg>
<doc>Returns the given values which can then be assigned to a variables.</doc>
<status status="PASS" start="2026-03-12T10:10:00.717395" elapsed="0.002046"/>
</kw>
<if>
<branch type="IF" condition="$locator == $cust_txt_birthday">
<kw name="Format Birthday" owner="Customers">
<var>${val}</var>
<arg>${val}</arg>
<status status="NOT RUN" start="2026-03-12T10:10:00.720494" elapsed="0.000116"/>
</kw>
<status status="NOT RUN" start="2026-03-12T10:10:00.719731" elapsed="0.001041"/>
</branch>
<status status="PASS" start="2026-03-12T10:10:00.719669" elapsed="0.001175"/>
</if>
<kw name="Input Text" owner="SeleniumLibrary">
<msg time="2026-03-12T10:10:00.721940" level="INFO">Typing text '29kYTPAh' into text field '//input[@name='password']'.</msg>
<arg>${locator}</arg>
<arg>${val}</arg>
<doc>Types the given ``text`` into the text field identified by ``locator``.</doc>
<status status="PASS" start="2026-03-12T10:10:00.721173" elapsed="0.130888"/>
</kw>
<var name="${i}">8</var>
<var name="${locator}">//input[@name='password']</var>
<status status="PASS" start="2026-03-12T10:10:00.717155" elapsed="0.135061"/>
</iter>
<iter>
<kw name="Set Variable" owner="BuiltIn">
<msg time="2026-03-12T10:10:00.854611" level="INFO">${val} = 29kYTPAh</msg>
<var>${val}</var>
<arg>${values[${i}]}</arg>
<doc>Returns the given values which can then be assigned to a variables.</doc>
<status status="PASS" start="2026-03-12T10:10:00.852815" elapsed="0.001887"/>
</kw>
<if>
<branch type="IF" condition="$locator == $cust_txt_birthday">
<kw name="Format Birthday" owner="Customers">
<var>${val}</var>
<arg>${val}</arg>
<status status="NOT RUN" start="2026-03-12T10:10:00.855542" elapsed="0.000054"/>
</kw>
<status status="NOT RUN" start="2026-03-12T10:10:00.854965" elapsed="0.000705"/>
</branch>
<status status="PASS" start="2026-03-12T10:10:00.854902" elapsed="0.000824"/>
</if>
<kw name="Input Text" owner="SeleniumLibrary">
<msg time="2026-03-12T10:10:00.856464" level="INFO">Typing text '29kYTPAh' into text field '//input[@name='confirm_password']'.</msg>
<arg>${locator}</arg>
<arg>${val}</arg>
<doc>Types the given ``text`` into the text field identified by ``locator``.</doc>
<status status="PASS" start="2026-03-12T10:10:00.855930" elapsed="0.113703"/>
</kw>
<var name="${i}">9</var>
<var name="${locator}">//input[@name='confirm_password']</var>
<status status="PASS" start="2026-03-12T10:10:00.852572" elapsed="0.117250"/>
</iter>
<var>${i}</var>
<var>${locator}</var>
<value>@{locators}</value>
<status status="PASS" start="2026-03-12T10:09:59.668173" elapsed="1.301769"/>
</for>
<kw name="Click Button" owner="SeleniumLibrary">
<msg time="2026-03-12T10:10:00.970956" level="INFO">Clicking button '//button[@type='submit']'.</msg>
<arg>${cust_btn_save}</arg>
<doc>Clicks the button identified by ``locator``.</doc>
<status status="PASS" start="2026-03-12T10:10:00.970299" elapsed="0.115856"/>
</kw>
<kw name="Wait Until Element Is Visible" owner="SeleniumLibrary">
<arg>//div[contains(text(), "created")]</arg>
<doc>Waits until the element ``locator`` is visible.</doc>
<status status="PASS" start="2026-03-12T10:10:01.086531" elapsed="0.435709"/>
</kw>
<arg>${customers[${i}]}</arg>
<status status="PASS" start="2026-03-12T10:09:59.267178" elapsed="2.255351"/>
</kw>
<kw name="Wait Until Page Contains" owner="SeleniumLibrary">
<arg>${customers[${i}]['first_name']}</arg>
<doc>Waits until ``text`` appears on the current page.</doc>
<status status="PASS" start="2026-03-12T10:10:01.522910" elapsed="0.014047"/>
</kw>
<var name="${i}">2</var>
<status status="PASS" start="2026-03-12T10:09:56.878122" elapsed="4.659050"/>
</iter>
<iter>
<kw name="Navigate" owner="app">
<kw name="Run Keyword And Return Status" owner="BuiltIn">
<kw name="Element Should Be Visible" owner="SeleniumLibrary">
<msg time="2026-03-12T10:10:01.554380" level="INFO">Element '//a[descendant::p[text()="Customers"]]' is displayed.</msg>
<arg>//a[descendant::p[text()="${sub_menu}"]]</arg>
<doc>Verifies that the element identified by ``locator`` is visible.</doc>
<status status="PASS" start="2026-03-12T10:10:01.539416" elapsed="0.015284"/>
</kw>
<msg time="2026-03-12T10:10:01.555055" level="INFO">${status} = True</msg>
<var>${status}</var>
<arg>Element Should Be Visible</arg>
<arg>//a[descendant::p[text()="${sub_menu}"]]</arg>
<doc>Runs the specified keyword and returns the status as a Boolean value.</doc>
<status status="PASS" start="2026-03-12T10:10:01.538733" elapsed="0.016382"/>
</kw>
<if>
<branch type="IF" condition="not ${status}">
<kw name="Get Parameter Menu" owner="app">
<var>${parent_menu}</var>
<arg>${sub_menu}</arg>
<status status="NOT RUN" start="2026-03-12T10:10:01.556013" elapsed="0.000079"/>
</kw>
<kw name="Click Element" owner="SeleniumLibrary">
<arg>${parent_menu}</arg>
<doc>Click the element identified by ``locator``.</doc>
<status status="NOT RUN" start="2026-03-12T10:10:01.556407" elapsed="0.000061"/>
</kw>
<kw name="Wait Until Element Is Visible" owner="SeleniumLibrary">
<arg>//a[descendant::p[text()="${sub_menu}"]]</arg>
<arg>timeout=5s</arg>
<doc>Waits until the element ``locator`` is visible.</doc>
<status status="NOT RUN" start="2026-03-12T10:10:01.556679" elapsed="0.000055"/>
</kw>
<status status="NOT RUN" start="2026-03-12T10:10:01.555359" elapsed="0.001459"/>
</branch>
<status status="PASS" start="2026-03-12T10:10:01.555291" elapsed="0.001602"/>
</if>
<kw name="Click Element" owner="SeleniumLibrary">
<msg time="2026-03-12T10:10:01.557566" level="INFO">Clicking element '//a[descendant::p[text()="Customers"]]'.</msg>
<arg>//a[descendant::p[text()="${sub_menu}"]]</arg>
<doc>Click the element identified by ``locator``.</doc>
<status status="PASS" start="2026-03-12T10:10:01.557065" elapsed="0.088296"/>
</kw>
<kw name="Wait Until Element Is Visible" owner="SeleniumLibrary">
<arg>//h6[.//span[text()="${sub_menu}"]]</arg>
<arg>timeout=10s</arg>
<doc>Waits until the element ``locator`` is visible.</doc>
<status status="PASS" start="2026-03-12T10:10:01.645694" elapsed="0.247090"/>
</kw>
<kw name="Run Keyword If" owner="BuiltIn">
<kw name="Sleep" owner="BuiltIn">
<msg time="2026-03-12T10:10:03.894555" level="INFO">Slept 2 seconds.</msg>
<arg>2s</arg>
<doc>Pauses the test executed for the given time.</doc>
<status status="PASS" start="2026-03-12T10:10:01.893954" elapsed="2.000917"/>
</kw>
<arg>"${sub_menu}"=="Customers"</arg>
<arg>Sleep</arg>
<arg>2s</arg>
<doc>Runs the given keyword with the given arguments, if ``condition`` is true.</doc>
<status status="PASS" start="2026-03-12T10:10:01.893165" elapsed="2.001966"/>
</kw>
<arg>Customers</arg>
<status status="PASS" start="2026-03-12T10:10:01.538091" elapsed="2.357302"/>
</kw>
<kw name="Add A Customer" owner="Customers">
<kw name="Click Element" owner="SeleniumLibrary">
<msg time="2026-03-12T10:10:03.899654" level="INFO">Clicking element '//a[text()="Create"]'.</msg>
<arg>//a[text()="Create"]</arg>
<doc>Click the element identified by ``locator``.</doc>
<status status="PASS" start="2026-03-12T10:10:03.899053" elapsed="0.085605"/>
</kw>
<kw name="Wait Until Element Is Visible" owner="SeleniumLibrary">
<arg>//h6[.//span[text()="Create Customer"]]</arg>
<doc>Waits until the element ``locator`` is visible.</doc>
<status status="PASS" start="2026-03-12T10:10:03.985119" elapsed="0.070479"/>
</kw>
<kw name="Create List" owner="BuiltIn">
<msg time="2026-03-12T10:10:04.061398" level="INFO">${values} = ['Patricia', 'Lebsack', 'Julianne.OConner@kory.org', '07/07/2006', 'Hoeger Mall Apt. 692', 'South Elvis', 'HAS', '53919-4257', 'hkrjt8!y', 'hkrjt8!y']</msg>
<var>${values}</var>
<arg>${user['first_name']}</arg>
<arg>${user['last_name']}</arg>
<arg>${user['email']}</arg>
<arg>${user['birthday']}</arg>
<arg>${user['address']['street']} ${user['address']['suite']}</arg>
<arg>${user['address']['city']}</arg>
<arg>${user['address']['stateAbbr']}</arg>
<arg>${user['zipcode']}</arg>
<arg>${user['password']}</arg>
<arg>${user['password']}</arg>
<doc>Returns a list containing given items.</doc>
<status status="PASS" start="2026-03-12T10:10:04.055902" elapsed="0.005567"/>
</kw>
<for flavor="IN ENUMERATE">
<iter>
<kw name="Set Variable" owner="BuiltIn">
<msg time="2026-03-12T10:10:04.063104" level="INFO">${val} = Patricia</msg>
<var>${val}</var>
<arg>${values[${i}]}</arg>
<doc>Returns the given values which can then be assigned to a variables.</doc>
<status status="PASS" start="2026-03-12T10:10:04.062123" elapsed="0.001022"/>
</kw>
<if>
<branch type="IF" condition="$locator == $cust_txt_birthday">
<kw name="Format Birthday" owner="Customers">
<var>${val}</var>
<arg>${val}</arg>
<status status="NOT RUN" start="2026-03-12T10:10:04.063596" elapsed="0.000044"/>
</kw>
<status status="NOT RUN" start="2026-03-12T10:10:04.063261" elapsed="0.000434"/>
</branch>
<status status="PASS" start="2026-03-12T10:10:04.063234" elapsed="0.000506"/>
</if>
<kw name="Input Text" owner="SeleniumLibrary">
<msg time="2026-03-12T10:10:04.064163" level="INFO">Typing text 'Patricia' into text field '//input[@name='first_name']'.</msg>
<arg>${locator}</arg>
<arg>${val}</arg>
<doc>Types the given ``text`` into the text field identified by ``locator``.</doc>
<status status="PASS" start="2026-03-12T10:10:04.063864" elapsed="0.096246"/>
</kw>
<var name="${i}">0</var>
<var name="${locator}">//input[@name='first_name']</var>
<status status="PASS" start="2026-03-12T10:10:04.061944" elapsed="0.098379"/>
</iter>
<iter>
<kw name="Set Variable" owner="BuiltIn">
<msg time="2026-03-12T10:10:04.162872" level="INFO">${val} = Lebsack</msg>
<var>${val}</var>
<arg>${values[${i}]}</arg>
<doc>Returns the given values which can then be assigned to a variables.</doc>
<status status="PASS" start="2026-03-12T10:10:04.161016" elapsed="0.001949"/>
</kw>
<if>
<branch type="IF" condition="$locator == $cust_txt_birthday">
<kw name="Format Birthday" owner="Customers">
<var>${val}</var>
<arg>${val}</arg>
<status status="NOT RUN" start="2026-03-12T10:10:04.163768" elapsed="0.000066"/>
</kw>
<status status="NOT RUN" start="2026-03-12T10:10:04.163195" elapsed="0.000720"/>
</branch>
<status status="PASS" start="2026-03-12T10:10:04.163147" elapsed="0.000831"/>
</if>
<kw name="Input Text" owner="SeleniumLibrary">
<msg time="2026-03-12T10:10:04.164789" level="INFO">Typing text 'Lebsack' into text field '//input[@name='last_name']'.</msg>
<arg>${locator}</arg>
<arg>${val}</arg>
<doc>Types the given ``text`` into the text field identified by ``locator``.</doc>
<status status="PASS" start="2026-03-12T10:10:04.164205" elapsed="0.107312"/>
</kw>
<var name="${i}">1</var>
<var name="${locator}">//input[@name='last_name']</var>
<status status="PASS" start="2026-03-12T10:10:04.160735" elapsed="0.110958"/>
</iter>
<iter>
<kw name="Set Variable" owner="BuiltIn">
<msg time="2026-03-12T10:10:04.274160" level="INFO">${val} = Julianne.OConner@kory.org</msg>
<var>${val}</var>
<arg>${values[${i}]}</arg>
<doc>Returns the given values which can then be assigned to a variables.</doc>
<status status="PASS" start="2026-03-12T10:10:04.272385" elapsed="0.001872"/>
</kw>
<if>
<branch type="IF" condition="$locator == $cust_txt_birthday">
<kw name="Format Birthday" owner="Customers">
<var>${val}</var>
<arg>${val}</arg>
<status status="NOT RUN" start="2026-03-12T10:10:04.275057" elapsed="0.000064"/>
</kw>
<status status="NOT RUN" start="2026-03-12T10:10:04.274503" elapsed="0.000696"/>
</branch>
<status status="PASS" start="2026-03-12T10:10:04.274446" elapsed="0.000809"/>
</if>
<kw name="Input Text" owner="SeleniumLibrary">
<msg time="2026-03-12T10:10:04.275953" level="INFO">Typing text 'Julianne.OConner@kory.org' into text field '//input[@name='email']'.</msg>
<arg>${locator}</arg>
<arg>${val}</arg>
<doc>Types the given ``text`` into the text field identified by ``locator``.</doc>
<status status="PASS" start="2026-03-12T10:10:04.275447" elapsed="0.147736"/>
</kw>
<var name="${i}">2</var>
<var name="${locator}">//input[@name='email']</var>
<status status="PASS" start="2026-03-12T10:10:04.272091" elapsed="0.151346"/>
</iter>
<iter>
<kw name="Set Variable" owner="BuiltIn">
<msg time="2026-03-12T10:10:04.426006" level="INFO">${val} = 07/07/2006</msg>
<var>${val}</var>
<arg>${values[${i}]}</arg>
<doc>Returns the given values which can then be assigned to a variables.</doc>
<status status="PASS" start="2026-03-12T10:10:04.424407" elapsed="0.001667"/>
</kw>
<if>
<branch type="IF" condition="$locator == $cust_txt_birthday">
<kw name="Format Birthday" owner="Customers">
<kw name="Evaluate" owner="BuiltIn">
<msg time="2026-03-12T10:10:04.427999" level="INFO">${val} = 07/07/2006</msg>
<var>${val}</var>
<arg>"".join($date.split("-")[1:] + [$date.split("-")[0]])</arg>
<doc>Evaluates the given expression in Python and returns the result.</doc>
<status status="PASS" start="2026-03-12T10:10:04.427240" elapsed="0.000821"/>
</kw>
<return>
<value>${val}</value>
<status status="PASS" start="2026-03-12T10:10:04.428175" elapsed="0.000096"/>
</return>
<msg time="2026-03-12T10:10:04.428502" level="INFO">${val} = 07/07/2006</msg>
<var>${val}</var>
<arg>${val}</arg>
<status status="PASS" start="2026-03-12T10:10:04.426752" elapsed="0.001792"/>
</kw>
<status status="PASS" start="2026-03-12T10:10:04.426261" elapsed="0.002352"/>
</branch>
<status status="PASS" start="2026-03-12T10:10:04.426218" elapsed="0.002453"/>
</if>
<kw name="Input Text" owner="SeleniumLibrary">
<msg time="2026-03-12T10:10:04.429190" level="INFO">Typing text '07/07/2006' into text field '//input[@name='birthday']'.</msg>
<arg>${locator}</arg>
<arg>${val}</arg>
<doc>Types the given ``text`` into the text field identified by ``locator``.</doc>
<status status="PASS" start="2026-03-12T10:10:04.428835" elapsed="0.101420"/>
</kw>
<var name="${i}">3</var>
<var name="${locator}">//input[@name='birthday']</var>
<status status="PASS" start="2026-03-12T10:10:04.423973" elapsed="0.106424"/>
</iter>
<iter>
<kw name="Set Variable" owner="BuiltIn">
<msg time="2026-03-12T10:10:04.532305" level="INFO">${val} = Hoeger Mall Apt. 692</msg>
<var>${val}</var>
<arg>${values[${i}]}</arg>
<doc>Returns the given values which can then be assigned to a variables.</doc>
<status status="PASS" start="2026-03-12T10:10:04.530906" elapsed="0.001454"/>
</kw>
<if>
<branch type="IF" condition="$locator == $cust_txt_birthday">
<kw name="Format Birthday" owner="Customers">
<var>${val}</var>
<arg>${val}</arg>
<status status="NOT RUN" start="2026-03-12T10:10:04.532875" elapsed="0.000047"/>
</kw>
<status status="NOT RUN" start="2026-03-12T10:10:04.532501" elapsed="0.000477"/>
</branch>
<status status="PASS" start="2026-03-12T10:10:04.532468" elapsed="0.000557"/>
</if>
<kw name="Input Text" owner="SeleniumLibrary">
<msg time="2026-03-12T10:10:04.533481" level="INFO">Typing text 'Hoeger Mall Apt. 692' into text field '//textarea[@name='address']'.</msg>
<arg>${locator}</arg>
<arg>${val}</arg>
<doc>Types the given ``text`` into the text field identified by ``locator``.</doc>
<status status="PASS" start="2026-03-12T10:10:04.533169" elapsed="0.134451"/>
</kw>
<var name="${i}">4</var>
<var name="${locator}">//textarea[@name='address']</var>
<status status="PASS" start="2026-03-12T10:10:04.530705" elapsed="0.137100"/>
</iter>
<iter>
<kw name="Set Variable" owner="BuiltIn">
<msg time="2026-03-12T10:10:04.674821" level="INFO">${val} = South Elvis</msg>
<var>${val}</var>
<arg>${values[${i}]}</arg>
<doc>Returns the given values which can then be assigned to a variables.</doc>
<status status="PASS" start="2026-03-12T10:10:04.672946" elapsed="0.001990"/>
</kw>
<if>
<branch type="IF" condition="$locator == $cust_txt_birthday">
<kw name="Format Birthday" owner="Customers">
<var>${val}</var>
<arg>${val}</arg>
<status status="NOT RUN" start="2026-03-12T10:10:04.675890" elapsed="0.000078"/>
</kw>
<status status="NOT RUN" start="2026-03-12T10:10:04.675241" elapsed="0.000821"/>
</branch>
<status status="PASS" start="2026-03-12T10:10:04.675171" elapsed="0.000962"/>
</if>
<kw name="Input Text" owner="SeleniumLibrary">
<msg time="2026-03-12T10:10:04.677116" level="INFO">Typing text 'South Elvis' into text field '//input[@name='city']'.</msg>
<arg>${locator}</arg>
<arg>${val}</arg>
<doc>Types the given ``text`` into the text field identified by ``locator``.</doc>
<status status="PASS" start="2026-03-12T10:10:04.676380" elapsed="0.125235"/>
</kw>
<var name="${i}">5</var>
<var name="${locator}">//input[@name='city']</var>
<status status="PASS" start="2026-03-12T10:10:04.668396" elapsed="0.133414"/>
</iter>
<iter>
<kw name="Set Variable" owner="BuiltIn">
<msg time="2026-03-12T10:10:04.804678" level="INFO">${val} = HAS</msg>
<var>${val}</var>
<arg>${values[${i}]}</arg>
<doc>Returns the given values which can then be assigned to a variables.</doc>
<status status="PASS" start="2026-03-12T10:10:04.802566" elapsed="0.002247"/>
</kw>
<if>
<branch type="IF" condition="$locator == $cust_txt_birthday">
<kw name="Format Birthday" owner="Customers">
<var>${val}</var>
<arg>${val}</arg>
<status status="NOT RUN" start="2026-03-12T10:10:04.805850" elapsed="0.000080"/>
</kw>
<status status="NOT RUN" start="2026-03-12T10:10:04.805138" elapsed="0.000890"/>
</branch>
<status status="PASS" start="2026-03-12T10:10:04.805060" elapsed="0.001037"/>
</if>
<kw name="Input Text" owner="SeleniumLibrary">
<msg time="2026-03-12T10:10:04.806899" level="INFO">Typing text 'HAS' into text field '//input[@name='stateAbbr']'.</msg>
<arg>${locator}</arg>
<arg>${val}</arg>
<doc>Types the given ``text`` into the text field identified by ``locator``.</doc>
<status status="PASS" start="2026-03-12T10:10:04.806312" elapsed="0.092751"/>
</kw>
<var name="${i}">6</var>
<var name="${locator}">//input[@name='stateAbbr']</var>
<status status="PASS" start="2026-03-12T10:10:04.802248" elapsed="0.096984"/>
</iter>
<iter>
<kw name="Set Variable" owner="BuiltIn">
<msg time="2026-03-12T10:10:04.901527" level="INFO">${val} = 53919-4257</msg>
<var>${val}</var>
<arg>${values[${i}]}</arg>
<doc>Returns the given values which can then be assigned to a variables.</doc>
<status status="PASS" start="2026-03-12T10:10:04.899862" elapsed="0.001745"/>
</kw>
<if>
<branch type="IF" condition="$locator == $cust_txt_birthday">
<kw name="Format Birthday" owner="Customers">
<var>${val}</var>
<arg>${val}</arg>
<status status="NOT RUN" start="2026-03-12T10:10:04.902541" elapsed="0.000135"/>
</kw>
<status status="NOT RUN" start="2026-03-12T10:10:04.901833" elapsed="0.000954"/>
</branch>
<status status="PASS" start="2026-03-12T10:10:04.901778" elapsed="0.001089"/>
</if>
<kw name="Input Text" owner="SeleniumLibrary">
<msg time="2026-03-12T10:10:04.903810" level="INFO">Typing text '53919-4257' into text field '//input[@name='zipcode']'.</msg>
<arg>${locator}</arg>
<arg>${val}</arg>
<doc>Types the given ``text`` into the text field identified by ``locator``.</doc>
<status status="PASS" start="2026-03-12T10:10:04.903144" elapsed="0.109813"/>
</kw>
<var name="${i}">7</var>
<var name="${locator}">//input[@name='zipcode']</var>
<status status="PASS" start="2026-03-12T10:10:04.899614" elapsed="0.113480"/>
</iter>
<iter>
<kw name="Set Variable" owner="BuiltIn">
<msg time="2026-03-12T10:10:05.014677" level="INFO">${val} = hkrjt8!y</msg>
<var>${val}</var>
<arg>${values[${i}]}</arg>
<doc>Returns the given values which can then be assigned to a variables.</doc>
<status status="PASS" start="2026-03-12T10:10:05.013581" elapsed="0.001142"/>
</kw>
<if>
<branch type="IF" condition="$locator == $cust_txt_birthday">
<kw name="Format Birthday" owner="Customers">
<var>${val}</var>
<arg>${val}</arg>
<status status="NOT RUN" start="2026-03-12T10:10:05.015193" elapsed="0.000046"/>
</kw>
<status status="NOT RUN" start="2026-03-12T10:10:05.014848" elapsed="0.000444"/>
</branch>
<status status="PASS" start="2026-03-12T10:10:05.014817" elapsed="0.000519"/>
</if>
<kw name="Input Text" owner="SeleniumLibrary">
<msg time="2026-03-12T10:10:05.015780" level="INFO">Typing text 'hkrjt8!y' into text field '//input[@name='password']'.</msg>
<arg>${locator}</arg>
<arg>${val}</arg>
<doc>Types the given ``text`` into the text field identified by ``locator``.</doc>
<status status="PASS" start="2026-03-12T10:10:05.015473" elapsed="0.109903"/>
</kw>
<var name="${i}">8</var>
<var name="${locator}">//input[@name='password']</var>
<status status="PASS" start="2026-03-12T10:10:05.013388" elapsed="0.112158"/>
</iter>
<iter>
<kw name="Set Variable" owner="BuiltIn">
<msg time="2026-03-12T10:10:05.127635" level="INFO">${val} = hkrjt8!y</msg>
<var>${val}</var>
<arg>${values[${i}]}</arg>
<doc>Returns the given values which can then be assigned to a variables.</doc>
<status status="PASS" start="2026-03-12T10:10:05.126199" elapsed="0.001491"/>
</kw>
<if>
<branch type="IF" condition="$locator == $cust_txt_birthday">
<kw name="Format Birthday" owner="Customers">
<var>${val}</var>
<arg>${val}</arg>
<status status="NOT RUN" start="2026-03-12T10:10:05.128436" elapsed="0.000057"/>
</kw>
<status status="NOT RUN" start="2026-03-12T10:10:05.127985" elapsed="0.000576"/>
</branch>
<status status="PASS" start="2026-03-12T10:10:05.127944" elapsed="0.000673"/>
</if>
<kw name="Input Text" owner="SeleniumLibrary">
<msg time="2026-03-12T10:10:05.129156" level="INFO">Typing text 'hkrjt8!y' into text field '//input[@name='confirm_password']'.</msg>
<arg>${locator}</arg>
<arg>${val}</arg>
<doc>Types the given ``text`` into the text field identified by ``locator``.</doc>
<status status="PASS" start="2026-03-12T10:10:05.128775" elapsed="0.101497"/>
</kw>
<var name="${i}">9</var>
[...]
</kw>
<status status="NOT RUN" start="2026-03-12T10:10:43.988039" elapsed="0.000656"/>
</branch>
<status status="PASS" start="2026-03-12T10:10:43.987908" elapsed="0.000839"/>
</if>
<kw name="Log To Console" owner="BuiltIn">
<arg>----------------------------------------</arg>
<doc>Logs the given message to the console.</doc>
<status status="PASS" start="2026-03-12T10:10:43.988853" elapsed="0.000506"/>
</kw>
<var name="${i}">24</var>
<status status="PASS" start="2026-03-12T10:10:43.831015" elapsed="0.158458"/>
</iter>
<iter>
<kw name="Set Variable" owner="BuiltIn">
<msg time="2026-03-12T10:10:43.990748" level="INFO">${row_xpath} = xpath:(//tbody//tr)[25]</msg>
<var>${row_xpath}</var>
<arg>xpath:(//tbody//tr)[${i}]</arg>
<doc>Returns the given values which can then be assigned to a variables.</doc>
<status status="PASS" start="2026-03-12T10:10:43.990240" elapsed="0.000565"/>
</kw>
<kw name="Get Text" owner="SeleniumLibrary">
<msg time="2026-03-12T10:10:44.019414" level="INFO">${raw_name} = A
Antonetta Pfannerstill</msg>
<var>${raw_name}</var>
<arg>${row_xpath}//td[2]</arg>
<doc>Returns the text value of the element identified by ``locator``.</doc>
<status status="PASS" start="2026-03-12T10:10:43.991039" elapsed="0.028481"/>
</kw>
<kw name="Evaluate" owner="BuiltIn">
<msg time="2026-03-12T10:10:44.020883" level="INFO">${name} = Antonetta Pfannerstill</msg>
<var>${name}</var>
<arg>"""${raw_name}""".split('\\n')[-1].strip()</arg>
<doc>Evaluates the given expression in Python and returns the result.</doc>
<status status="PASS" start="2026-03-12T10:10:44.019948" elapsed="0.001011"/>
</kw>
<kw name="Get Text" owner="SeleniumLibrary">
<msg time="2026-03-12T10:10:44.043408" level="INFO">${last_seen} = 3/11/2026</msg>
<var>${last_seen}</var>
<arg>${row_xpath}//td[3]</arg>
<doc>Returns the text value of the element identified by ``locator``.</doc>
<status status="PASS" start="2026-03-12T10:10:44.021301" elapsed="0.022193"/>
</kw>
<kw name="Get Text" owner="SeleniumLibrary">
<msg time="2026-03-12T10:10:44.075415" level="INFO">${orders} = 0</msg>
<var>${orders}</var>
<arg>${row_xpath}//td[4]</arg>
<doc>Returns the text value of the element identified by ``locator``.</doc>
<status status="PASS" start="2026-03-12T10:10:44.043794" elapsed="0.031776"/>
</kw>
<kw name="Get Text" owner="SeleniumLibrary">
<msg time="2026-03-12T10:10:44.094593" level="INFO">${spent} = $0.00</msg>
<var>${spent}</var>
<arg>${row_xpath}//td[5]</arg>
<doc>Returns the text value of the element identified by ``locator``.</doc>
<status status="PASS" start="2026-03-12T10:10:44.075840" elapsed="0.018827"/>
</kw>
<kw name="Get Text" owner="SeleniumLibrary">
<msg time="2026-03-12T10:10:44.113919" level="INFO">${latest} = </msg>
<var>${latest}</var>
<arg>${row_xpath}//td[6]</arg>
<doc>Returns the text value of the element identified by ``locator``.</doc>
<status status="PASS" start="2026-03-12T10:10:44.094927" elapsed="0.019068"/>
</kw>
<kw name="Get Element Count" owner="SeleniumLibrary">
<msg time="2026-03-12T10:10:44.126626" level="INFO">${is_news} = 0</msg>
<var>${is_news}</var>
<arg>${row_xpath}//td[7]//*[contains(@data-testid, 'CheckBoxIcon')]</arg>
<doc>Returns the number of elements matching ``locator``.</doc>
<status status="PASS" start="2026-03-12T10:10:44.114258" elapsed="0.012460"/>
</kw>
<kw name="Evaluate" owner="BuiltIn">
<msg time="2026-03-12T10:10:44.127769" level="INFO">${status} = No</msg>
<var>${status}</var>
<arg>"Yes" if ${is_news} &gt; 0 else "No"</arg>
<doc>Evaluates the given expression in Python and returns the result.</doc>
<status status="PASS" start="2026-03-12T10:10:44.127045" elapsed="0.000776"/>
</kw>
<kw name="Get WebElements" owner="SeleniumLibrary">
<msg time="2026-03-12T10:10:44.140537" level="INFO">${seg_elements} = []</msg>
<var>${seg_elements}</var>
<arg>${row_xpath}//td[8]//span[contains(@class, 'MuiChip-label')]</arg>
<doc>Returns a list of WebElement objects matching the ``locator``.</doc>
<status status="PASS" start="2026-03-12T10:10:44.128029" elapsed="0.012599"/>
</kw>
<kw name="Create List" owner="BuiltIn">
<msg time="2026-03-12T10:10:44.141500" level="INFO">${seg_list} = []</msg>
<var>${seg_list}</var>
<doc>Returns a list containing given items.</doc>
<status status="PASS" start="2026-03-12T10:10:44.140954" elapsed="0.000599"/>
</kw>
<for flavor="IN">
<iter>
<kw name="Get Text" owner="SeleniumLibrary">
<var>${val}</var>
<arg>${el}</arg>
<doc>Returns the text value of the element identified by ``locator``.</doc>
<status status="NOT RUN" start="2026-03-12T10:10:44.142251" elapsed="0.000064"/>
</kw>
<kw name="Append To List" owner="Collections">
<arg>${seg_list}</arg>
<arg>${val}</arg>
<doc>Adds ``values`` to the end of ``list``.</doc>
<status status="NOT RUN" start="2026-03-12T10:10:44.142497" elapsed="0.000046"/>
</kw>
<var name="${el}"/>
<status status="NOT RUN" start="2026-03-12T10:10:44.141927" elapsed="0.000688"/>
</iter>
<var>${el}</var>
<value>@{seg_elements}</value>
<status status="NOT RUN" start="2026-03-12T10:10:44.141669" elapsed="0.001016"/>
</for>
<kw name="Evaluate" owner="BuiltIn">
<msg time="2026-03-12T10:10:44.143555" level="INFO">${segments} = </msg>
<var>${segments}</var>
<arg>", ".join($seg_list)</arg>
<doc>Evaluates the given expression in Python and returns the result.</doc>
<status status="PASS" start="2026-03-12T10:10:44.142873" elapsed="0.000737"/>
</kw>
<kw name="Evaluate" owner="BuiltIn">
<msg time="2026-03-12T10:10:44.144624" level="INFO">${spent_num} = 0.0</msg>
<var>${spent_num}</var>
<arg>float("${spent}".replace('$', '').replace(',', '')) if "${spent}" else 0.0</arg>
<doc>Evaluates the given expression in Python and returns the result.</doc>
<status status="PASS" start="2026-03-12T10:10:44.143809" elapsed="0.000872"/>
</kw>
<kw name="Evaluate" owner="BuiltIn">
<msg time="2026-03-12T10:10:44.145532" level="INFO">${orders_num} = 0</msg>
<var>${orders_num}</var>
<arg>int("${orders}") if "${orders}" else 0</arg>
<doc>Evaluates the given expression in Python and returns the result.</doc>
<status status="PASS" start="2026-03-12T10:10:44.144894" elapsed="0.000694"/>
</kw>
<if>
<branch type="IF" condition="${spent_num} &gt; 0">
<kw name="Evaluate" owner="BuiltIn">
<var>${running_total}</var>
<arg>${running_total} + ${spent_num}</arg>
<doc>Evaluates the given expression in Python and returns the result.</doc>
<status status="NOT RUN" start="2026-03-12T10:10:44.146022" elapsed="0.000046"/>
</kw>
<kw name="Catenate" owner="BuiltIn">
<var>${buyer_entry}</var>
<arg>SEPARATOR=</arg>
<arg>- ${name}: ${spent}</arg>
<doc>Catenates the given items together and returns the resulted string.</doc>
<status status="NOT RUN" start="2026-03-12T10:10:44.146355" elapsed="0.000054"/>
</kw>
<kw name="Append To List" owner="Collections">
<arg>${buyer_list}</arg>
<arg>${buyer_entry}</arg>
<doc>Adds ``values`` to the end of ``list``.</doc>
<status status="NOT RUN" start="2026-03-12T10:10:44.146571" elapsed="0.000042"/>
</kw>
<status status="NOT RUN" start="2026-03-12T10:10:44.145744" elapsed="0.000934"/>
</branch>
<status status="PASS" start="2026-03-12T10:10:44.145705" elapsed="0.001033"/>
</if>
<kw name="Log To Console" owner="BuiltIn">
<arg>CUSTOMER #${i}</arg>
<doc>Logs the given message to the console.</doc>
<status status="PASS" start="2026-03-12T10:10:44.146868" elapsed="0.000555"/>
</kw>
<kw name="Catenate" owner="BuiltIn">
<msg time="2026-03-12T10:10:44.148232" level="INFO">${line} = &gt; Name:Antonetta Pfannerstill</msg>
<var>${line}</var>
<arg>SEPARATOR=</arg>
<arg>&gt; Name:</arg>
<arg>${name}</arg>
<doc>Catenates the given items together and returns the resulted string.</doc>
<status status="PASS" start="2026-03-12T10:10:44.147628" elapsed="0.000681"/>
</kw>
<kw name="Log To Console" owner="BuiltIn">
<arg>${line}</arg>
<doc>Logs the given message to the console.</doc>
<status status="PASS" start="2026-03-12T10:10:44.148520" elapsed="0.000408"/>
</kw>
<if>
<branch type="IF" condition="$last_seen">
<kw name="Catenate" owner="BuiltIn">
<msg time="2026-03-12T10:10:44.149790" level="INFO">${line} = &gt; Last Seen:3/11/2026</msg>
<var>${line}</var>
<arg>SEPARATOR=</arg>
<arg>&gt; Last Seen:</arg>
<arg>${last_seen}</arg>
<doc>Catenates the given items together and returns the resulted string.</doc>
<status status="PASS" start="2026-03-12T10:10:44.149335" elapsed="0.000498"/>
</kw>
<kw name="Log To Console" owner="BuiltIn">
<arg>${line}</arg>
<doc>Logs the given message to the console.</doc>
<status status="PASS" start="2026-03-12T10:10:44.149999" elapsed="0.000459"/>
</kw>
<status status="PASS" start="2026-03-12T10:10:44.149064" elapsed="0.001458"/>
</branch>
<status status="PASS" start="2026-03-12T10:10:44.149026" elapsed="0.001549"/>
</if>
<if>
<branch type="IF" condition="${orders_num} &gt; 0">
<kw name="Catenate" owner="BuiltIn">
<var>${line}</var>
<arg>SEPARATOR=</arg>
<arg>&gt; Orders:</arg>
<arg>${orders}</arg>
<doc>Catenates the given items together and returns the resulted string.</doc>
<status status="NOT RUN" start="2026-03-12T10:10:44.150923" elapsed="0.000037"/>
</kw>
<kw name="Log To Console" owner="BuiltIn">
<arg>${line}</arg>
<doc>Logs the given message to the console.</doc>
<status status="NOT RUN" start="2026-03-12T10:10:44.151087" elapsed="0.000031"/>
</kw>
<status status="NOT RUN" start="2026-03-12T10:10:44.150662" elapsed="0.000502"/>
</branch>
<status status="PASS" start="2026-03-12T10:10:44.150633" elapsed="0.000572"/>
</if>
<if>
<branch type="IF" condition="${spent_num} &gt; 0">
<kw name="Catenate" owner="BuiltIn">
<var>${line}</var>
<arg>SEPARATOR=</arg>
<arg>&gt; Total Spent:</arg>
<arg>${spent}</arg>
<doc>Catenates the given items together and returns the resulted string.</doc>
<status status="NOT RUN" start="2026-03-12T10:10:44.151472" elapsed="0.000033"/>
</kw>
<kw name="Log To Console" owner="BuiltIn">
<arg>${line}</arg>
<doc>Logs the given message to the console.</doc>
<status status="NOT RUN" start="2026-03-12T10:10:44.151626" elapsed="0.000030"/>
</kw>
<status status="NOT RUN" start="2026-03-12T10:10:44.151267" elapsed="0.000433"/>
</branch>
<status status="PASS" start="2026-03-12T10:10:44.151249" elapsed="0.000490"/>
</if>
<if>
<branch type="IF" condition="$latest">
<kw name="Catenate" owner="BuiltIn">
<var>${line}</var>
<arg>SEPARATOR=</arg>
<arg>&gt; Latest Purchase: ${latest}</arg>
<doc>Catenates the given items together and returns the resulted string.</doc>
<status status="NOT RUN" start="2026-03-12T10:10:44.152070" elapsed="0.000037"/>
</kw>
<kw name="Log To Console" owner="BuiltIn">
<arg>${line}</arg>
<doc>Logs the given message to the console.</doc>
<status status="NOT RUN" start="2026-03-12T10:10:44.152230" elapsed="0.000044"/>
</kw>
<status status="NOT RUN" start="2026-03-12T10:10:44.151799" elapsed="0.000522"/>
</branch>
<status status="PASS" start="2026-03-12T10:10:44.151781" elapsed="0.000583"/>
</if>
<kw name="Catenate" owner="BuiltIn">
<msg time="2026-03-12T10:10:44.152985" level="INFO">${line} = &gt; News:No</msg>
<var>${line}</var>
<arg>SEPARATOR=</arg>
<arg>&gt; News:</arg>
<arg>${status}</arg>
<doc>Catenates the given items together and returns the resulted string.</doc>
<status status="PASS" start="2026-03-12T10:10:44.152458" elapsed="0.000587"/>
</kw>
<kw name="Log To Console" owner="BuiltIn">
<arg>${line}</arg>
<doc>Logs the given message to the console.</doc>
<status status="PASS" start="2026-03-12T10:10:44.153276" elapsed="0.000516"/>
</kw>
<if>
<branch type="IF" condition="$segments">
<kw name="Catenate" owner="BuiltIn">
<var>${line}</var>
<arg>SEPARATOR=</arg>
<arg>&gt; Segment:</arg>
<arg>${segments}</arg>
<doc>Catenates the given items together and returns the resulted string.</doc>
<status status="NOT RUN" start="2026-03-12T10:10:44.154450" elapsed="0.000052"/>
</kw>
<kw name="Log To Console" owner="BuiltIn">
<arg>${line}</arg>
<doc>Logs the given message to the console.</doc>
<status status="NOT RUN" start="2026-03-12T10:10:44.154645" elapsed="0.000032"/>
</kw>
<status status="NOT RUN" start="2026-03-12T10:10:44.153995" elapsed="0.000727"/>
</branch>
<status status="PASS" start="2026-03-12T10:10:44.153948" elapsed="0.000822"/>
</if>
<kw name="Log To Console" owner="BuiltIn">
<arg>----------------------------------------</arg>
<doc>Logs the given message to the console.</doc>
<status status="PASS" start="2026-03-12T10:10:44.154868" elapsed="0.000438"/>
</kw>
<var name="${i}">25</var>
<status status="PASS" start="2026-03-12T10:10:43.990051" elapsed="0.165338"/>
</iter>
<var>${i}</var>
<value>1</value>
<value>${row_count} + 1</value>
<status status="PASS" start="2026-03-12T10:10:40.087489" elapsed="4.067968"/>
</for>
<kw name="Set Suite Variable" owner="BuiltIn">
<msg time="2026-03-12T10:10:44.156460" level="INFO">${total} = 2697.72</msg>
<arg>${total}</arg>
<arg>${running_total}</arg>
<doc>Makes a variable available everywhere within the scope of the current suite.</doc>
<status status="PASS" start="2026-03-12T10:10:44.155709" elapsed="0.000889"/>
</kw>
<kw name="Set Suite Variable" owner="BuiltIn">
<msg time="2026-03-12T10:10:44.157832" level="INFO">${buyers} = ['- Kurtis Weissnat: $812.22', '- Cole MacGyver: $63.25', "- Jeffrey O'Reilly: $470.77", '- Celine Borer: $310.58', '- Cyril Gerhold: $208.57', '- Adam Little: $832.33']</msg>
<arg>${buyers}</arg>
<arg>${buyer_list}</arg>
<doc>Makes a variable available everywhere within the scope of the current suite.</doc>
<status status="PASS" start="2026-03-12T10:10:44.156903" elapsed="0.001086"/>
</kw>
<return>
<value>${running_total}</value>
<value>${buyer_list}</value>
<status status="PASS" start="2026-03-12T10:10:44.158485" elapsed="0.000218"/>
</return>
<status status="PASS" start="2026-03-12T10:10:37.774959" elapsed="6.384195"/>
</kw>
<doc>Log the columns and store data in Suite Scope</doc>
<status status="PASS" start="2026-03-12T10:10:37.773458" elapsed="6.386080"/>
</test>
<test id="s1-t4" name="TEST-00004" line="32">
<kw name="Display Purchase Summary and Result" owner="Customers">
<kw name="Log To Console" owner="BuiltIn">
<arg>\n[ PURCHASE SUMMARY - TOTALS ]</arg>
<doc>Logs the given message to the console.</doc>
<status status="PASS" start="2026-03-12T10:10:44.162080" elapsed="0.000797"/>
</kw>
<kw name="Log To Console" owner="BuiltIn">
<arg>========================================</arg>
<doc>Logs the given message to the console.</doc>
<status status="PASS" start="2026-03-12T10:10:44.163169" elapsed="0.000433"/>
</kw>
<for flavor="IN">
<iter>
<kw name="Log To Console" owner="BuiltIn">
<arg>${entry}</arg>
<doc>Logs the given message to the console.</doc>
<status status="PASS" start="2026-03-12T10:10:44.164267" elapsed="0.000562"/>
</kw>
<var name="${entry}">- Kurtis Weissnat: $812.22</var>
<status status="PASS" start="2026-03-12T10:10:44.164068" elapsed="0.000876"/>
</iter>
<iter>
<kw name="Log To Console" owner="BuiltIn">
<arg>${entry}</arg>
<doc>Logs the given message to the console.</doc>
<status status="PASS" start="2026-03-12T10:10:44.165386" elapsed="0.001000"/>
</kw>
<var name="${entry}">- Cole MacGyver: $63.25</var>
<status status="PASS" start="2026-03-12T10:10:44.165160" elapsed="0.001517"/>
</iter>
<iter>
<kw name="Log To Console" owner="BuiltIn">
<arg>${entry}</arg>
<doc>Logs the given message to the console.</doc>
<status status="PASS" start="2026-03-12T10:10:44.167127" elapsed="0.000597"/>
</kw>
<var name="${entry}">- Jeffrey O'Reilly: $470.77</var>
<status status="PASS" start="2026-03-12T10:10:44.166921" elapsed="0.000932"/>
</iter>
<iter>
<kw name="Log To Console" owner="BuiltIn">
<arg>${entry}</arg>
<doc>Logs the given message to the console.</doc>
<status status="PASS" start="2026-03-12T10:10:44.168518" elapsed="0.000887"/>
</kw>
<var name="${entry}">- Celine Borer: $310.58</var>
<status status="PASS" start="2026-03-12T10:10:44.168068" elapsed="0.001490"/>
</iter>
<iter>
<kw name="Log To Console" owner="BuiltIn">
<arg>${entry}</arg>
<doc>Logs the given message to the console.</doc>
<status status="PASS" start="2026-03-12T10:10:44.170053" elapsed="0.000833"/>
</kw>
<var name="${entry}">- Cyril Gerhold: $208.57</var>
<status status="PASS" start="2026-03-12T10:10:44.169801" elapsed="0.001251"/>
</iter>
<iter>
<kw name="Log To Console" owner="BuiltIn">
<arg>${entry}</arg>
<doc>Logs the given message to the console.</doc>
<status status="PASS" start="2026-03-12T10:10:44.171805" elapsed="0.000794"/>
</kw>
<var name="${entry}">- Adam Little: $832.33</var>
<status status="PASS" start="2026-03-12T10:10:44.171556" elapsed="0.001209"/>
</iter>
<var>${entry}</var>
<value>@{buyer_list}</value>
<status status="PASS" start="2026-03-12T10:10:44.163738" elapsed="0.009117"/>
</for>
<kw name="Log To Console" owner="BuiltIn">
<arg>----------------------------------------</arg>
<doc>Logs the given message to the console.</doc>
<status status="PASS" start="2026-03-12T10:10:44.173168" elapsed="0.000659"/>
</kw>
<kw name="Evaluate" owner="BuiltIn">
<msg time="2026-03-12T10:10:44.175617" level="INFO">${formatted_total} = 2697.72</msg>
<var>${formatted_total}</var>
<arg>"{:.2f}".format(${running_total})</arg>
<doc>Evaluates the given expression in Python and returns the result.</doc>
<status status="PASS" start="2026-03-12T10:10:44.174267" elapsed="0.001463"/>
</kw>
<kw name="Catenate" owner="BuiltIn">
<msg time="2026-03-12T10:10:44.177134" level="INFO">${total_line} = GRAND TOTAL: $2697.72</msg>
<var>${total_line}</var>
<arg>SEPARATOR=</arg>
<arg>GRAND TOTAL: $</arg>
<arg>${formatted_total}</arg>
<doc>Catenates the given items together and returns the resulted string.</doc>
<status status="PASS" start="2026-03-12T10:10:44.176065" elapsed="0.001157"/>
</kw>
<kw name="Log To Console" owner="BuiltIn">
<arg>${total_line}</arg>
<doc>Logs the given message to the console.</doc>
<status status="PASS" start="2026-03-12T10:10:44.177560" elapsed="0.000551"/>
</kw>
<if>
<branch type="IF" condition="${running_total} &gt; 3500">
<kw name="Log To Console" owner="BuiltIn">
<arg>PASS: Total spending ($${formatted_total}) meets minimum threshold ($3,500)</arg>
<doc>Logs the given message to the console.</doc>
<status status="NOT RUN" start="2026-03-12T10:10:44.178661" elapsed="0.000342"/>
</kw>
<status status="NOT RUN" start="2026-03-12T10:10:44.178293" elapsed="0.000829"/>
</branch>
<branch type="ELSE">
<kw name="Log To Console" owner="BuiltIn">
<arg>FAIL: Total spending ($${formatted_total}) is below minimum threshold ($3,500)</arg>
<doc>Logs the given message to the console.</doc>
<status status="PASS" start="2026-03-12T10:10:44.179427" elapsed="0.000632"/>
</kw>
<status status="PASS" start="2026-03-12T10:10:44.179190" elapsed="0.001264"/>
</branch>
<status status="PASS" start="2026-03-12T10:10:44.178247" elapsed="0.002294"/>
</if>
<kw name="Log To Console" owner="BuiltIn">
<arg>========================================\n</arg>
<doc>Logs the given message to the console.</doc>
<status status="PASS" start="2026-03-12T10:10:44.180759" elapsed="0.000664"/>
</kw>
<arg>${total}</arg>
<arg>${buyers}</arg>
<status status="PASS" start="2026-03-12T10:10:44.161089" elapsed="0.020576"/>
</kw>
<doc>Display the summary and results</doc>
<status status="PASS" start="2026-03-12T10:10:44.159956" elapsed="0.022054"/>
</test>
<kw name="Capture Page Screenshot" owner="SeleniumLibrary" type="TEARDOWN">
<msg time="2026-03-12T10:10:44.311273" level="INFO" html="true">&lt;/td&gt;&lt;/tr&gt;&lt;tr&gt;&lt;td colspan="3"&gt;&lt;a href="selenium-screenshot-84.png"&gt;&lt;img src="selenium-screenshot-84.png" width="800px"&gt;&lt;/a&gt;</msg>
<doc>Takes a screenshot of the current page and embeds it into a log file.</doc>
<status status="PASS" start="2026-03-12T10:10:44.183415" elapsed="0.128057"/>
</kw>
<status status="PASS" start="2026-03-12T10:09:43.286392" elapsed="61.025210"/>
</suite>
<statistics>
<total>
<stat pass="4" fail="0" skip="0">All Tests</stat>
</total>
<tag>
</tag>
<suite>
<stat name="Test" id="s1" pass="4" fail="0" skip="0">Test</stat>
</suite>
</statistics>
<errors>
</errors>
</robot>
